Log file opened on Mon Jul  9 12:46:30 2018
Host: klots6  pid: 13011  rank ID: 0  number of ranks:  1
                   :-) GROMACS - gmx mdrun, VERSION 5.1.4 (-:

                            GROMACS is written by:
     Emile Apol      Rossen Apostolov  Herman J.C. Berendsen    Par Bjelkmar   
 Aldert van Buuren   Rudi van Drunen     Anton Feenstra   Sebastian Fritsch 
  Gerrit Groenhof   Christoph Junghans   Anca Hamuraru    Vincent Hindriksen
 Dimitrios Karkoulis    Peter Kasson        Jiri Kraus      Carsten Kutzner  
    Per Larsson      Justin A. Lemkul   Magnus Lundborg   Pieter Meulenhoff 
   Erik Marklund      Teemu Murtola       Szilard Pall       Sander Pronk   
   Roland Schulz     Alexey Shvetsov     Michael Shirts     Alfons Sijbers  
   Peter Tieleman    Teemu Virolainen  Christian Wennberg    Maarten Wolf   
                           and the project leaders:
        Mark Abraham, Berk Hess, Erik Lindahl, and David van der Spoel

Copyright (c) 1991-2000, University of Groningen, The Netherlands.
Copyright (c) 2001-2015, The GROMACS development team at
Uppsala University, Stockholm University and
the Royal Institute of Technology, Sweden.
check out http://www.gromacs.org for more information.

GROMACS is free software; you can redistribute it and/or modify it
under the terms of the GNU Lesser General Public License
as published by the Free Software Foundation; either version 2.1
of the License, or (at your option) any later version.

GROMACS:      gmx mdrun, VERSION 5.1.4
Executable:   /storage/software/gromacs-5.1.4/bin/gmx
Data prefix:  /storage/software/gromacs-5.1.4
Command line:
  gmx mdrun -ntmpi 32 -pin on -deffnm NVT -table table

GROMACS version:    VERSION 5.1.4
Precision:          single
Memory model:       64 bit
MPI library:        thread_mpi
OpenMP support:     enabled (GMX_OPENMP_MAX_THREADS = 32)
GPU support:        disabled
OpenCL support:     disabled
invsqrt routine:    gmx_software_invsqrt(x)
SIMD instructions:  AVX_256
FFT library:        fftw-3.3.4-sse2-avx
RDTSCP usage:       enabled
C++11 compilation:  enabled
TNG support:        enabled
Tracing support:    disabled
Built on:           Fri Oct 20 14:04:08 EEST 2017
Built by:           root@stage1 [CMAKE]
Build OS/arch:      Linux 3.10.0-514.21.2.el7.x86_64 x86_64
Build CPU vendor:   GenuineIntel
Build CPU brand:    Intel(R) Xeon(R) CPU E5-2660 v2 @ 2.20GHz
Build CPU family:   6   Model: 62   Stepping: 4
Build CPU features: aes apic avx clfsh cmov cx8 cx16 f16c htt lahf_lm mmx msr nonstop_tsc pcid pclmuldq pdcm pdpe1gb popcnt pse rdrnd rdtscp sse2 sse3 sse4.1 sse4.2 ssse3 tdt x2apic
C compiler:         /usr/bin/cc GNU 4.8.5
C compiler flags:    -mavx    -Wundef -Wextra -Wno-missing-field-initializers -Wno-sign-compare -Wpointer-arith -Wall -Wno-unused -Wunused-value -Wunused-parameter  -O3 -DNDEBUG -funroll-all-loops -fexcess-precision=fast  -Wno-array-bounds 
C++ compiler:       /usr/bin/c++ GNU 4.8.5
C++ compiler flags:  -mavx   -std=c++0x  -Wundef -Wextra -Wno-missing-field-initializers -Wpointer-arith -Wall -Wno-unused-function  -O3 -DNDEBUG -funroll-all-loops -fexcess-precision=fast  -Wno-array-bounds 
Boost version:      1.53.0 (external)


Running on 1 node with total 32 cores, 32 logical cores
Hardware detected:
  CPU info:
    Vendor: AuthenticAMD
    Brand:  AMD Opteron(TM) Processor 6276                 
    Family: 21  model:  1  stepping:  2
    CPU features: aes apic avx clfsh cmov cx8 cx16 fma4 htt lahf_lm misalignsse mmx msr nonstop_tsc pclmuldq pdpe1gb popcnt pse rdtscp sse2 sse3 sse4a sse4.1 sse4.2 ssse3 xop
    SIMD instructions most likely to fit this hardware: AVX_256
    SIMD instructions selected at GROMACS compile time: AVX_256


++++ PLEASE READ AND CITE THE FOLLOWING REFERENCE ++++
M. J. Abraham, T. Murtola, R. Schulz, S. Páll, J. C. Smith, B. Hess, E.
Lindahl
GROMACS: High performance molecular simulations through multi-level
parallelism from laptops to supercomputers
SoftwareX 1 (2015) pp. 19-25
-------- -------- --- Thank You --- -------- --------


++++ PLEASE READ AND CITE THE FOLLOWING REFERENCE ++++
S. Páll, M. J. Abraham, C. Kutzner, B. Hess, E. Lindahl
Tackling Exascale Software Challenges in Molecular Dynamics Simulations with
GROMACS
In S. Markidis & E. Laure (Eds.), Solving Software Challenges for Exascale 8759 (2015) pp. 3-27
-------- -------- --- Thank You --- -------- --------


++++ PLEASE READ AND CITE THE FOLLOWING REFERENCE ++++
S. Pronk, S. Páll, R. Schulz, P. Larsson, P. Bjelkmar, R. Apostolov, M. R.
Shirts, J. C. Smith, P. M. Kasson, D. van der Spoel, B. Hess, and E. Lindahl
GROMACS 4.5: a high-throughput and highly parallel open source molecular
simulation toolkit
Bioinformatics 29 (2013) pp. 845-54
-------- -------- --- Thank You --- -------- --------


++++ PLEASE READ AND CITE THE FOLLOWING REFERENCE ++++
B. Hess and C. Kutzner and D. van der Spoel and E. Lindahl
GROMACS 4: Algorithms for highly efficient, load-balanced, and scalable
molecular simulation
J. Chem. Theory Comput. 4 (2008) pp. 435-447
-------- -------- --- Thank You --- -------- --------


++++ PLEASE READ AND CITE THE FOLLOWING REFERENCE ++++
D. van der Spoel, E. Lindahl, B. Hess, G. Groenhof, A. E. Mark and H. J. C.
Berendsen
GROMACS: Fast, Flexible and Free
J. Comp. Chem. 26 (2005) pp. 1701-1719
-------- -------- --- Thank You --- -------- --------


++++ PLEASE READ AND CITE THE FOLLOWING REFERENCE ++++
E. Lindahl and B. Hess and D. van der Spoel
GROMACS 3.0: A package for molecular simulation and trajectory analysis
J. Mol. Mod. 7 (2001) pp. 306-317
-------- -------- --- Thank You --- -------- --------


++++ PLEASE READ AND CITE THE FOLLOWING REFERENCE ++++
H. J. C. Berendsen, D. van der Spoel and R. van Drunen
GROMACS: A message-passing parallel molecular dynamics implementation
Comp. Phys. Comm. 91 (1995) pp. 43-56
-------- -------- --- Thank You --- -------- --------

Input Parameters:
   integrator                     = md
   tinit                          = 0
   dt                             = 0.0005
   nsteps                         = 400000
   init-step                      = 0
   simulation-part                = 1
   comm-mode                      = Linear
   nstcomm                        = 5000
   bd-fric                        = 0
   ld-seed                        = 915224882
   emtol                          = 10
   emstep                         = 0.01
   niter                          = 20
   fcstep                         = 0
   nstcgsteep                     = 1000
   nbfgscorr                      = 10
   rtpi                           = 0.05
   nstxout                        = 0
   nstvout                        = 0
   nstfout                        = 0
   nstlog                         = 5000
   nstcalcenergy                  = 100
   nstenergy                      = 5000
   nstxout-compressed             = 5000
   compressed-x-precision         = 1000
   cutoff-scheme                  = Group
   nstlist                        = 40
   ns-type                        = Grid
   pbc                            = xyz
   periodic-molecules             = FALSE
   verlet-buffer-tolerance        = 0.005
   rlist                          = 1.3
   rlistlong                      = 1.3
   nstcalclr                      = 0
   coulombtype                    = User
   coulomb-modifier               = None
   rcoulomb-switch                = 0
   rcoulomb                       = 1.3
   epsilon-r                      = 1.6
   epsilon-rf                     = inf
   vdw-type                       = Cut-off
   vdw-modifier                   = None
   rvdw-switch                    = 0
   rvdw                           = 1.3
   DispCorr                       = No
   table-extension                = 1
   fourierspacing                 = 0.12
   fourier-nx                     = 0
   fourier-ny                     = 0
   fourier-nz                     = 0
   pme-order                      = 4
   ewald-rtol                     = 1e-05
   ewald-rtol-lj                  = 0.001
   lj-pme-comb-rule               = Geometric
   ewald-geometry                 = 0
   epsilon-surface                = 0
   implicit-solvent               = No
   gb-algorithm                   = Still
   nstgbradii                     = 1
   rgbradii                       = 1
   gb-epsilon-solvent             = 80
   gb-saltconc                    = 0
   gb-obc-alpha                   = 1
   gb-obc-beta                    = 0.8
   gb-obc-gamma                   = 4.85
   gb-dielectric-offset           = 0.009
   sa-algorithm                   = Ace-approximation
   sa-surface-tension             = 2.05016
   tcoupl                         = V-rescale
   nsttcouple                     = 40
   nh-chain-length                = 0
   print-nose-hoover-chain-variables = FALSE
   pcoupl                         = No
   pcoupltype                     = Isotropic
   nstpcouple                     = -1
   tau-p                          = 1
   compressibility (3x3):
      compressibility[    0]={ 0.00000e+00,  0.00000e+00,  0.00000e+00}
      compressibility[    1]={ 0.00000e+00,  0.00000e+00,  0.00000e+00}
      compressibility[    2]={ 0.00000e+00,  0.00000e+00,  0.00000e+00}
   ref-p (3x3):
      ref-p[    0]={ 0.00000e+00,  0.00000e+00,  0.00000e+00}
      ref-p[    1]={ 0.00000e+00,  0.00000e+00,  0.00000e+00}
      ref-p[    2]={ 0.00000e+00,  0.00000e+00,  0.00000e+00}
   refcoord-scaling               = No
   posres-com (3):
      posres-com[0]= 0.00000e+00
      posres-com[1]= 0.00000e+00
      posres-com[2]= 0.00000e+00
   posres-comB (3):
      posres-comB[0]= 0.00000e+00
      posres-comB[1]= 0.00000e+00
      posres-comB[2]= 0.00000e+00
   QMMM                           = FALSE
   QMconstraints                  = 0
   QMMMscheme                     = 0
   MMChargeScaleFactor            = 1
qm-opts:
   ngQM                           = 0
   constraint-algorithm           = Lincs
   continuation                   = FALSE
   Shake-SOR                      = FALSE
   shake-tol                      = 0.0001
   lincs-order                    = 4
   lincs-iter                     = 1
   lincs-warnangle                = 30
   nwall                          = 0
   wall-type                      = 9-3
   wall-r-linpot                  = -1
   wall-atomtype[0]               = -1
   wall-atomtype[1]               = -1
   wall-density[0]                = 0
   wall-density[1]                = 0
   wall-ewald-zfac                = 3
   pull                           = FALSE
   rotation                       = FALSE
   interactiveMD                  = FALSE
   disre                          = No
   disre-weighting                = Conservative
   disre-mixed                    = FALSE
   dr-fc                          = 1000
   dr-tau                         = 0
   nstdisreout                    = 100
   orire-fc                       = 0
   orire-tau                      = 0
   nstorireout                    = 100
   free-energy                    = no
   cos-acceleration               = 0
   deform (3x3):
      deform[    0]={ 0.00000e+00,  0.00000e+00,  0.00000e+00}
      deform[    1]={ 0.00000e+00,  0.00000e+00,  0.00000e+00}
      deform[    2]={ 0.00000e+00,  0.00000e+00,  0.00000e+00}
   simulated-tempering            = FALSE
   E-x:
      n = 0
   E-xt:
      n = 0
   E-y:
      n = 0
   E-yt:
      n = 0
   E-z:
      n = 0
   E-zt:
      n = 0
   swapcoords                     = no
   adress                         = FALSE
   userint1                       = 0
   userint2                       = 0
   userint3                       = 0
   userint4                       = 0
   userreal1                      = 0
   userreal2                      = 0
   userreal3                      = 0
   userreal4                      = 0
grpopts:
   nrdf:     6801.75     2267.25           0           0
   ref-t:        1000        1000           0           0
   tau-t:         0.5         0.5           0           0
annealing:      Single      Single          No          No
annealing-npoints:           3           3           0           0
annealing-time [0]:	         0.0       100.0       200.0
annealing-temp [0]:	      1000.0         1.0         1.0
annealing-time [1]:	         0.0       100.0       200.0
annealing-temp [1]:	      1000.0         1.0         1.0
   acc:	           0           0           0
   nfreeze:           N           Y           N           N           Y           N           N           N           N
   energygrp-flags[  0]: 0 0 2 2
   energygrp-flags[  1]: 0 0 2 2
   energygrp-flags[  2]: 2 2 3 3
   energygrp-flags[  3]: 2 2 3 3


Initializing Domain Decomposition on 32 ranks
Dynamic load balancing: auto
Will sort the charge groups at every domain (re)decomposition
Initial maximum inter charge-group distances:
    two-body bonded interactions: 0.445 nm, LJ-14, atoms 2148 2159
  multi-body bonded interactions: 0.445 nm, Ryckaert-Bell., atoms 2148 2159
Minimum cell size due to bonded interactions: 0.490 nm
Scaling the initial minimum size with 1/0.8 (option -dds) = 1.25
Optimizing the DD grid for 32 cells with a minimum initial size of 0.612 nm
The maximum allowed number of cells is: X 5 Y 5 Z 5
Domain decomposition grid 4 x 4 x 2, separate PME ranks 0
Domain decomposition rank 0, coordinates 0 0 0

Using 32 MPI threads


NOTE: This file uses the deprecated 'group' cutoff_scheme. This will be
removed in a future release when 'verlet' supports all interaction forms.

Table routines are used for coulomb: TRUE
Table routines are used for vdw:     FALSE
Cut-off's:   NS: 1.3   Coulomb: 1.3   LJ: 1.3
System total charge: 0.043
Read user tables from table.xvg with 2251 data points.
Tabscale = 500 points/nm
Generated table with 1150 data points for LJ6.
Tabscale = 500 points/nm
Generated table with 1150 data points for LJ12.
Tabscale = 500 points/nm
Read user tables from table_Ch_PDA.xvg with 2251 data points.
Tabscale = 500 points/nm

WARNING: For the 648 non-zero entries for table 0 in table_Ch_PDA.xvg the forces deviate on average 62% from minus the numerical derivative of the potential

Generated table with 1150 data points for LJ6.
Tabscale = 500 points/nm
Generated table with 1150 data points for LJ12.
Tabscale = 500 points/nm
Read user tables from table_Ch_NDA.xvg with 2251 data points.
Tabscale = 500 points/nm

WARNING: For the 648 non-zero entries for table 0 in table_Ch_NDA.xvg the forces deviate on average 62% from minus the numerical derivative of the potential

Generated table with 1150 data points for LJ6.
Tabscale = 500 points/nm
Generated table with 1150 data points for LJ12.
Tabscale = 500 points/nm
Read user tables from table_Ac_PDA.xvg with 2251 data points.
Tabscale = 500 points/nm

WARNING: For the 648 non-zero entries for table 0 in table_Ac_PDA.xvg the forces deviate on average 62% from minus the numerical derivative of the potential

Generated table with 1150 data points for LJ6.
Tabscale = 500 points/nm
Generated table with 1150 data points for LJ12.
Tabscale = 500 points/nm
Read user tables from table_Ac_NDA.xvg with 2251 data points.
Tabscale = 500 points/nm

WARNING: For the 648 non-zero entries for table 0 in table_Ac_NDA.xvg the forces deviate on average 62% from minus the numerical derivative of the potential

Generated table with 1150 data points for LJ6.
Tabscale = 500 points/nm
Generated table with 1150 data points for LJ12.
Tabscale = 500 points/nm
Read user tables from NVT.xvg with 2251 data points.
Tabscale = 500 points/nm
Generated table with 2251 data points for 1-4 LJ6.
Tabscale = 500 points/nm
Generated table with 2251 data points for 1-4 LJ12.
Tabscale = 500 points/nm
Potential shift: LJ r^-12: 0.000e+00 r^-6: 0.000e+00
Removing pbc first time
Pinning threads with an auto-selected logical core stride of 1

Linking all bonded interactions to atoms

The initial number of communication pulses is: X 2 Y 2 Z 1
The initial domain decomposition cell size is: X 0.77 nm Y 0.77 nm Z 1.54 nm

The maximum allowed distance for charge groups involved in interactions is:
                 non-bonded interactions           1.300 nm
            two-body bonded interactions  (-rdd)   1.300 nm
          multi-body bonded interactions  (-rdd)   0.770 nm

When dynamic load balancing gets turned on, these settings will change to:
The maximum number of communication pulses is: X 3 Y 3 Z 1
The minimum size for domain decomposition cells is 0.608 nm
The requested allowed shrink of DD cells (option -dds) is: 0.80
The allowed shrink of domain decomposition cells is: X 0.79 Y 0.79 Z 0.84
The maximum allowed distance for charge groups involved in interactions is:
                 non-bonded interactions           1.300 nm
            two-body bonded interactions  (-rdd)   1.300 nm
          multi-body bonded interactions  (-rdd)   0.608 nm


Making 3D domain decomposition grid 4 x 4 x 2, home cell index 0 0 0

Center of mass motion removal mode is Linear
We have the following groups for center of mass motion removal:
  0:  rest

++++ PLEASE READ AND CITE THE FOLLOWING REFERENCE ++++
G. Bussi, D. Donadio and M. Parrinello
Canonical sampling through velocity rescaling
J. Chem. Phys. 126 (2007) pp. 014101
-------- -------- --- Thank You --- -------- --------

There are: 3024 Atoms
There are: 216 VSites
Atom distribution over 32 domains: av 101 stddev 13 min 78 max 123
Grid: 6 x 6 x 6 cells
Initial temperature: 0 K

Started mdrun on rank 0 Mon Jul  9 12:46:30 2018
           Step           Time         Lambda
              0        0.00000        0.00000


Current ref_t for group Ch:   1000.0
Current ref_t for group Ac:   1000.0
   Energies (kJ/mol)
           Bond          Angle    Proper Dih. Ryckaert-Bell.          LJ-14
    2.25090e+02    5.77959e+02    7.22868e+00   -1.01071e+04    1.16245e+03
     Coulomb-14        LJ (SR)   Coulomb (SR) Position Rest.      Potential
   -1.27408e+03   -7.36083e+03   -1.78647e+04    0.00000e+00   -3.46340e+04
    Kinetic En.   Total Energy  Conserved En.    Temperature Pressure (bar)
    5.35576e+00   -3.46287e+04   -3.46287e+04    1.42055e-01    4.33539e+02

DD  step 39 load imb.: force 18.5%

At step 40 the performance loss due to force load imbalance is 11.8 %

NOTE: Turning on dynamic load balancing

DD  step 4999  vol min/aver 0.796  load imb.: force 15.5%

           Step           Time         Lambda
           5000        2.50000        0.00000

Current ref_t for group Ch:    975.0
Current ref_t for group Ac:    975.0
   Energies (kJ/mol)
           Bond          Angle    Proper Dih. Ryckaert-Bell.          LJ-14
    2.46835e+04    3.36745e+04    1.02748e+03   -2.33216e+03    5.32774e+03
     Coulomb-14        LJ (SR)   Coulomb (SR) Position Rest.      Potential
   -1.25219e+03    1.67928e+03   -7.49351e+04    0.00000e+00   -1.21271e+04
    Kinetic En.   Total Energy  Conserved En.    Temperature Pressure (bar)
    8.91289e+04    7.70019e+04    2.09974e+05    2.36404e+03   -5.46504e+04

DD  load balancing is limited by minimum cell size in dimension Z
DD  step 9999  vol min/aver 0.750! load imb.: force 11.9%

           Step           Time         Lambda
          10000        5.00000        0.00000

Current ref_t for group Ch:    950.0
Current ref_t for group Ac:    950.0
   Energies (kJ/mol)
           Bond          Angle    Proper Dih. Ryckaert-Bell.          LJ-14
    2.86050e+04    3.80451e+04    1.45579e+03   -1.80051e+03    5.77206e+03
     Coulomb-14        LJ (SR)   Coulomb (SR) Position Rest.      Potential
   -1.26772e+03    2.12371e+03   -7.44085e+04    0.00000e+00   -1.47508e+03
    Kinetic En.   Total Energy  Conserved En.    Temperature Pressure (bar)
    1.04738e+05    1.03263e+05    5.49462e+05    2.77806e+03   -5.51671e+04

DD  load balancing is limited by minimum cell size in dimension Y
DD  step 14999  vol min/aver 0.770! load imb.: force 14.1%

           Step           Time         Lambda
          15000        7.50000        0.00000

Current ref_t for group Ch:    925.1
Current ref_t for group Ac:    925.1
   Energies (kJ/mol)
           Bond          Angle    Proper Dih. Ryckaert-Bell.          LJ-14
    2.75794e+04    3.87217e+04    1.66457e+03   -1.93637e+03    5.51838e+03
     Coulomb-14        LJ (SR)   Coulomb (SR) Position Rest.      Potential
   -1.24969e+03    2.84758e+03   -7.23808e+04    0.00000e+00    7.64733e+02
    Kinetic En.   Total Energy  Conserved En.    Temperature Pressure (bar)
    1.05063e+05    1.05828e+05    8.93503e+05    2.78668e+03   -4.54852e+04

DD  step 19999  vol min/aver 0.729  load imb.: force 15.1%

           Step           Time         Lambda
          20000       10.00000        0.00000

Current ref_t for group Ch:    900.1
Current ref_t for group Ac:    900.1
   Energies (kJ/mol)
           Bond          Angle    Proper Dih. Ryckaert-Bell.          LJ-14
    2.80790e+04    3.83892e+04    1.40501e+03   -1.86166e+03    5.43793e+03
     Coulomb-14        LJ (SR)   Coulomb (SR) Position Rest.      Potential
   -1.23985e+03    2.89867e+03   -7.69263e+04    0.00000e+00   -3.81799e+03
    Kinetic En.   Total Energy  Conserved En.    Temperature Pressure (bar)
    1.03922e+05    1.00104e+05    1.23157e+06    2.75642e+03   -5.21111e+04

DD  step 24999  vol min/aver 0.722  load imb.: force 11.5%

           Step           Time         Lambda
          25000       12.50000        0.00000

Current ref_t for group Ch:    875.1
Current ref_t for group Ac:    875.1
   Energies (kJ/mol)
           Bond          Angle    Proper Dih. Ryckaert-Bell.          LJ-14
    2.59696e+04    3.82616e+04    1.29131e+03   -2.16571e+03    5.55858e+03
     Coulomb-14        LJ (SR)   Coulomb (SR) Position Rest.      Potential
   -1.25114e+03    2.76917e+03   -7.75423e+04    0.00000e+00   -7.10881e+03
    Kinetic En.   Total Energy  Conserved En.    Temperature Pressure (bar)
    1.02511e+05    9.54019e+04    1.56859e+06    2.71898e+03   -6.07736e+04

DD  step 29999  vol min/aver 0.744  load imb.: force 17.4%

           Step           Time         Lambda
          30000       15.00000        0.00000

Current ref_t for group Ch:    850.2
Current ref_t for group Ac:    850.2
   Energies (kJ/mol)
           Bond          Angle    Proper Dih. Ryckaert-Bell.          LJ-14
    2.56838e+04    3.41467e+04    1.56402e+03   -2.33695e+03    5.45252e+03
     Coulomb-14        LJ (SR)   Coulomb (SR) Position Rest.      Potential
   -1.25516e+03    2.54192e+03   -7.56353e+04    0.00000e+00   -9.83856e+03
    Kinetic En.   Total Energy  Conserved En.    Temperature Pressure (bar)
    9.92104e+04    8.93719e+04    1.89736e+06    2.63144e+03   -4.96717e+04

DD  step 34999  vol min/aver 0.744  load imb.: force 12.6%

           Step           Time         Lambda
          35000       17.50000        0.00000

Current ref_t for group Ch:    825.2
Current ref_t for group Ac:    825.2
   Energies (kJ/mol)
           Bond          Angle    Proper Dih. Ryckaert-Bell.          LJ-14
    2.58666e+04    3.61337e+04    1.67708e+03   -2.48019e+03    5.53692e+03
     Coulomb-14        LJ (SR)   Coulomb (SR) Position Rest.      Potential
   -1.26468e+03    3.21131e+03   -7.64207e+04    0.00000e+00   -7.74003e+03
    Kinetic En.   Total Energy  Conserved En.    Temperature Pressure (bar)
    1.01096e+05    9.33563e+04    2.23730e+06    2.68146e+03   -5.36224e+04

DD  load balancing is limited by minimum cell size in dimension Y
DD  step 39999  vol min/aver 0.777! load imb.: force  9.7%

           Step           Time         Lambda
          40000       20.00000        0.00000

Current ref_t for group Ch:    800.2
Current ref_t for group Ac:    800.2
   Energies (kJ/mol)
           Bond          Angle    Proper Dih. Ryckaert-Bell.          LJ-14
    2.58863e+04    3.59601e+04    1.39306e+03   -2.76453e+03    5.40409e+03
     Coulomb-14        LJ (SR)   Coulomb (SR) Position Rest.      Potential
   -1.25466e+03    2.02529e+03   -7.87183e+04    0.00000e+00   -1.20686e+04
    Kinetic En.   Total Energy  Conserved En.    Temperature Pressure (bar)
    9.85118e+04    8.64432e+04    2.57099e+06    2.61291e+03   -6.34105e+04

DD  step 44999  vol min/aver 0.777  load imb.: force 12.4%

           Step           Time         Lambda
          45000       22.50000        0.00000

Current ref_t for group Ch:    775.2
Current ref_t for group Ac:    775.2
   Energies (kJ/mol)
           Bond          Angle    Proper Dih. Ryckaert-Bell.          LJ-14
    2.58936e+04    3.70477e+04    1.55064e+03   -2.18892e+03    6.04178e+03
     Coulomb-14        LJ (SR)   Coulomb (SR) Position Rest.      Potential
   -1.25323e+03    2.67799e+03   -7.58565e+04    0.00000e+00   -6.08690e+03
    Kinetic En.   Total Energy  Conserved En.    Temperature Pressure (bar)
    1.02529e+05    9.64421e+04    2.92358e+06    2.71946e+03   -5.26598e+04

DD  step 49999  vol min/aver 0.753  load imb.: force  8.0%

           Step           Time         Lambda
          50000       25.00000        0.00000

Current ref_t for group Ch:    750.2
Current ref_t for group Ac:    750.2
   Energies (kJ/mol)
           Bond          Angle    Proper Dih. Ryckaert-Bell.          LJ-14
    2.57469e+04    3.53047e+04    1.47662e+03   -2.04359e+03    5.54658e+03
     Coulomb-14        LJ (SR)   Coulomb (SR) Position Rest.      Potential
   -1.26423e+03    2.38260e+03   -7.62987e+04    0.00000e+00   -9.14918e+03
    Kinetic En.   Total Energy  Conserved En.    Temperature Pressure (bar)
    9.47073e+04    8.55582e+04    3.25937e+06    2.51200e+03   -6.14995e+04

DD  step 54999  vol min/aver 0.789  load imb.: force 13.2%

           Step           Time         Lambda
          55000       27.50000        0.00000

Current ref_t for group Ch:    725.3
Current ref_t for group Ac:    725.3
   Energies (kJ/mol)
           Bond          Angle    Proper Dih. Ryckaert-Bell.          LJ-14
    2.56072e+04    3.60997e+04    1.45507e+03   -1.98266e+03    5.66443e+03
     Coulomb-14        LJ (SR)   Coulomb (SR) Position Rest.      Potential
   -1.26315e+03    2.80857e+03   -7.80585e+04    0.00000e+00   -9.66933e+03
    Kinetic En.   Total Energy  Conserved En.    Temperature Pressure (bar)
    9.78067e+04    8.81373e+04    3.59732e+06    2.59421e+03   -5.84621e+04

DD  step 59999  vol min/aver 0.797  load imb.: force 13.5%

           Step           Time         Lambda
          60000       30.00000        0.00000

Current ref_t for group Ch:    700.3
Current ref_t for group Ac:    700.3
   Energies (kJ/mol)
           Bond          Angle    Proper Dih. Ryckaert-Bell.          LJ-14
    2.60464e+04    3.60296e+04    1.34483e+03   -2.42340e+03    6.03925e+03
     Coulomb-14        LJ (SR)   Coulomb (SR) Position Rest.      Potential
   -1.23492e+03    3.28715e+03   -8.10187e+04    0.00000e+00   -1.19297e+04
    Kinetic En.   Total Energy  Conserved En.    Temperature Pressure (bar)
    1.01886e+05    8.99562e+04    3.94757e+06    2.70241e+03   -5.71832e+04

DD  step 64999  vol min/aver 0.858  load imb.: force 15.4%

           Step           Time         Lambda
          65000       32.50000        0.00000

Current ref_t for group Ch:    675.3
Current ref_t for group Ac:    675.3
   Energies (kJ/mol)
           Bond          Angle    Proper Dih. Ryckaert-Bell.          LJ-14
    2.44686e+04    3.47265e+04    1.46342e+03   -2.74204e+03    5.60813e+03
     Coulomb-14        LJ (SR)   Coulomb (SR) Position Rest.      Potential
   -1.24779e+03    2.85094e+03   -7.83229e+04    0.00000e+00   -1.31952e+04
    Kinetic En.   Total Energy  Conserved En.    Temperature Pressure (bar)
    9.67492e+04    8.35540e+04    4.30243e+06    2.56616e+03   -5.09648e+04

DD  step 69999  vol min/aver 0.757  load imb.: force 12.3%

           Step           Time         Lambda
          70000       35.00000        0.00000

Current ref_t for group Ch:    650.3
Current ref_t for group Ac:    650.3
   Energies (kJ/mol)
           Bond          Angle    Proper Dih. Ryckaert-Bell.          LJ-14
    2.71311e+04    3.63760e+04    1.22435e+03   -2.44326e+03    5.51251e+03
     Coulomb-14        LJ (SR)   Coulomb (SR) Position Rest.      Potential
   -1.23616e+03    1.76262e+03   -8.13801e+04    0.00000e+00   -1.30529e+04
    Kinetic En.   Total Energy  Conserved En.    Temperature Pressure (bar)
    9.76104e+04    8.45575e+04    4.65908e+06    2.58900e+03   -6.76289e+04

DD  step 74999  vol min/aver 0.813  load imb.: force 17.2%

           Step           Time         Lambda
          75000       37.50000        0.00000

Current ref_t for group Ch:    625.4
Current ref_t for group Ac:    625.4
   Energies (kJ/mol)
           Bond          Angle    Proper Dih. Ryckaert-Bell.          LJ-14
    2.37812e+04    3.44467e+04    1.58380e+03   -2.69409e+03    5.27043e+03
     Coulomb-14        LJ (SR)   Coulomb (SR) Position Rest.      Potential
   -1.23984e+03    1.95799e+03   -7.86183e+04    0.00000e+00   -1.55122e+04
    Kinetic En.   Total Energy  Conserved En.    Temperature Pressure (bar)
    9.29109e+04    7.73987e+04    5.00088e+06    2.46435e+03   -5.90364e+04

DD  step 79999  vol min/aver 0.803  load imb.: force  9.2%

           Step           Time         Lambda
          80000       40.00000        0.00000

Current ref_t for group Ch:    600.4
Current ref_t for group Ac:    600.4
   Energies (kJ/mol)
           Bond          Angle    Proper Dih. Ryckaert-Bell.          LJ-14
    2.43494e+04    3.44812e+04    1.17193e+03   -2.36725e+03    5.33901e+03
     Coulomb-14        LJ (SR)   Coulomb (SR) Position Rest.      Potential
   -1.24902e+03    2.44469e+03   -7.90971e+04    0.00000e+00   -1.49271e+04
    Kinetic En.   Total Energy  Conserved En.    Temperature Pressure (bar)
    9.45411e+04    7.96140e+04    5.35384e+06    2.50759e+03   -5.97808e+04

DD  step 84999  vol min/aver 0.777  load imb.: force 18.8%

           Step           Time         Lambda
          85000       42.50000        0.00000

Current ref_t for group Ch:    575.4
Current ref_t for group Ac:    575.4
   Energies (kJ/mol)
           Bond          Angle    Proper Dih. Ryckaert-Bell.          LJ-14
    2.38680e+04    3.48118e+04    1.31763e+03   -2.47565e+03    5.49799e+03
     Coulomb-14        LJ (SR)   Coulomb (SR) Position Rest.      Potential
   -1.25801e+03    3.01359e+03   -8.04339e+04    0.00000e+00   -1.56585e+04
    Kinetic En.   Total Energy  Conserved En.    Temperature Pressure (bar)
    9.40821e+04    7.84236e+04    5.71131e+06    2.49542e+03   -5.94518e+04

DD  step 89999  vol min/aver 0.767  load imb.: force 12.8%

           Step           Time         Lambda
          90000       45.00000        0.00000

Current ref_t for group Ch:    550.5
Current ref_t for group Ac:    550.5
   Energies (kJ/mol)
           Bond          Angle    Proper Dih. Ryckaert-Bell.          LJ-14
    2.19223e+04    3.18864e+04    1.38979e+03   -2.24027e+03    5.37582e+03
     Coulomb-14        LJ (SR)   Coulomb (SR) Position Rest.      Potential
   -1.25819e+03    1.61931e+03   -8.03737e+04    0.00000e+00   -2.16785e+04
    Kinetic En.   Total Energy  Conserved En.    Temperature Pressure (bar)
    8.79500e+04    6.62715e+04    6.04827e+06    2.33277e+03   -6.12932e+04

DD  step 94999  vol min/aver 0.803  load imb.: force 12.3%

           Step           Time         Lambda
          95000       47.50000        0.00000

Current ref_t for group Ch:    525.5
Current ref_t for group Ac:    525.5
   Energies (kJ/mol)
           Bond          Angle    Proper Dih. Ryckaert-Bell.          LJ-14
    2.41389e+04    3.32586e+04    1.34936e+03   -2.69979e+03    5.46350e+03
     Coulomb-14        LJ (SR)   Coulomb (SR) Position Rest.      Potential
   -1.26193e+03    1.86426e+03   -7.71330e+04    0.00000e+00   -1.50200e+04
    Kinetic En.   Total Energy  Conserved En.    Temperature Pressure (bar)
    9.05155e+04    7.54954e+04    6.39712e+06    2.40082e+03   -5.26407e+04

DD  step 99999  vol min/aver 0.850  load imb.: force 11.7%

           Step           Time         Lambda
         100000       50.00000        0.00000

Current ref_t for group Ch:    500.5
Current ref_t for group Ac:    500.5
   Energies (kJ/mol)
           Bond          Angle    Proper Dih. Ryckaert-Bell.          LJ-14
    2.25945e+04    3.21863e+04    1.30309e+03   -2.93979e+03    5.06189e+03
     Coulomb-14        LJ (SR)   Coulomb (SR) Position Rest.      Potential
   -1.25348e+03    1.82122e+03   -8.09793e+04    0.00000e+00   -2.22055e+04
    Kinetic En.   Total Energy  Conserved En.    Temperature Pressure (bar)
    8.93254e+04    6.71198e+04    6.73469e+06    2.36925e+03   -6.17611e+04

DD  step 104999  vol min/aver 0.770  load imb.: force  9.1%

           Step           Time         Lambda
         105000       52.50000        0.00000

Current ref_t for group Ch:    475.5
Current ref_t for group Ac:    475.5
   Energies (kJ/mol)
           Bond          Angle    Proper Dih. Ryckaert-Bell.          LJ-14
    2.30828e+04    3.19516e+04    1.38986e+03   -2.95007e+03    4.95908e+03
     Coulomb-14        LJ (SR)   Coulomb (SR) Position Rest.      Potential
   -1.25508e+03    1.04731e+03   -8.38113e+04    0.00000e+00   -2.55858e+04
    Kinetic En.   Total Energy  Conserved En.    Temperature Pressure (bar)
    8.75292e+04    6.19434e+04    7.07132e+06    2.32161e+03   -7.09439e+04

DD  step 109999  vol min/aver 0.807  load imb.: force 14.1%

           Step           Time         Lambda
         110000       55.00000        0.00000

Current ref_t for group Ch:    450.5
Current ref_t for group Ac:    450.5
   Energies (kJ/mol)
           Bond          Angle    Proper Dih. Ryckaert-Bell.          LJ-14
    2.18524e+04    3.23203e+04    1.28508e+03   -2.97984e+03    4.94804e+03
     Coulomb-14        LJ (SR)   Coulomb (SR) Position Rest.      Potential
   -1.24896e+03    2.11837e+03   -7.87441e+04    0.00000e+00   -2.04487e+04
    Kinetic En.   Total Energy  Conserved En.    Temperature Pressure (bar)
    8.62112e+04    6.57625e+04    7.41339e+06    2.28665e+03   -5.51672e+04

DD  load balancing is limited by minimum cell size in dimension Y
DD  step 114999  vol min/aver 0.812! load imb.: force  8.5%

           Step           Time         Lambda
         115000       57.50000        0.00000

Current ref_t for group Ch:    425.6
Current ref_t for group Ac:    425.6
   Energies (kJ/mol)
           Bond          Angle    Proper Dih. Ryckaert-Bell.          LJ-14
    2.18576e+04    3.15388e+04    1.37851e+03   -2.32857e+03    4.88753e+03
     Coulomb-14        LJ (SR)   Coulomb (SR) Position Rest.      Potential
   -1.24860e+03    1.35185e+03   -7.91744e+04    0.00000e+00   -2.17373e+04
    Kinetic En.   Total Energy  Conserved En.    Temperature Pressure (bar)
    8.75354e+04    6.57981e+04    7.76231e+06    2.32177e+03   -5.72737e+04

DD  step 119999  vol min/aver 0.767  load imb.: force 14.2%

           Step           Time         Lambda
         120000       60.00000        0.00000

Current ref_t for group Ch:    400.6
Current ref_t for group Ac:    400.6
   Energies (kJ/mol)
           Bond          Angle    Proper Dih. Ryckaert-Bell.          LJ-14
    2.02674e+04    3.08467e+04    1.12200e+03   -2.68636e+03    5.04601e+03
     Coulomb-14        LJ (SR)   Coulomb (SR) Position Rest.      Potential
   -1.25294e+03    1.82866e+03   -8.24118e+04    0.00000e+00   -2.72403e+04
    Kinetic En.   Total Energy  Conserved En.    Temperature Pressure (bar)
    8.52192e+04    5.79790e+04    8.09996e+06    2.26034e+03   -6.04203e+04

DD  step 124999  vol min/aver 0.715  load imb.: force 10.7%

           Step           Time         Lambda
         125000       62.50000        0.00000

Current ref_t for group Ch:    375.6
Current ref_t for group Ac:    375.6
   Energies (kJ/mol)
           Bond          Angle    Proper Dih. Ryckaert-Bell.          LJ-14
    2.02074e+04    3.00226e+04    9.97472e+02   -3.59528e+03    5.11048e+03
     Coulomb-14        LJ (SR)   Coulomb (SR) Position Rest.      Potential
   -1.25336e+03    1.60957e+03   -8.19855e+04    0.00000e+00   -2.88868e+04
    Kinetic En.   Total Energy  Conserved En.    Temperature Pressure (bar)
    8.32839e+04    5.43971e+04    8.43318e+06    2.20901e+03   -7.02508e+04

DD  load balancing is limited by minimum cell size in dimension Z
DD  step 129999  vol min/aver 0.821! load imb.: force  8.2%

           Step           Time         Lambda
         130000       65.00000        0.00000

Current ref_t for group Ch:    350.7
Current ref_t for group Ac:    350.7
   Energies (kJ/mol)
           Bond          Angle    Proper Dih. Ryckaert-Bell.          LJ-14
    2.03480e+04    2.87231e+04    1.07274e+03   -3.40672e+03    4.71815e+03
     Coulomb-14        LJ (SR)   Coulomb (SR) Position Rest.      Potential
   -1.25614e+03    1.13762e+03   -8.13502e+04    0.00000e+00   -3.00135e+04
    Kinetic En.   Total Energy  Conserved En.    Temperature Pressure (bar)
    8.08598e+04    5.08462e+04    8.76190e+06    2.14471e+03   -6.94613e+04

DD  step 134999  vol min/aver 0.803  load imb.: force 12.6%

           Step           Time         Lambda
         135000       67.50000        0.00000

Current ref_t for group Ch:    325.7
Current ref_t for group Ac:    325.7
   Energies (kJ/mol)
           Bond          Angle    Proper Dih. Ryckaert-Bell.          LJ-14
    1.92496e+04    2.55675e+04    1.19157e+03   -3.06565e+03    4.76291e+03
     Coulomb-14        LJ (SR)   Coulomb (SR) Position Rest.      Potential
   -1.25543e+03    1.21012e+03   -8.32872e+04    0.00000e+00   -3.56266e+04
    Kinetic En.   Total Energy  Conserved En.    Temperature Pressure (bar)
    7.62735e+04    4.06469e+04    9.07342e+06    2.02307e+03   -7.09688e+04

DD  step 139999  vol min/aver 0.767  load imb.: force 10.9%

           Step           Time         Lambda
         140000       70.00000        0.00000

Current ref_t for group Ch:    300.7
Current ref_t for group Ac:    300.7
   Energies (kJ/mol)
           Bond          Angle    Proper Dih. Ryckaert-Bell.          LJ-14
    1.83701e+04    2.58645e+04    1.09462e+03   -3.22814e+03    4.96334e+03
     Coulomb-14        LJ (SR)   Coulomb (SR) Position Rest.      Potential
   -1.26607e+03    1.26396e+03   -7.87302e+04    0.00000e+00   -3.16679e+04
    Kinetic En.   Total Energy  Conserved En.    Temperature Pressure (bar)
    7.42730e+04    4.26051e+04    9.38578e+06    1.97001e+03   -6.50049e+04

DD  step 144999  vol min/aver 0.798  load imb.: force 14.3%

           Step           Time         Lambda
         145000       72.50000        0.00000

Current ref_t for group Ch:    275.7
Current ref_t for group Ac:    275.7
   Energies (kJ/mol)
           Bond          Angle    Proper Dih. Ryckaert-Bell.          LJ-14
    1.83333e+04    2.57727e+04    1.14941e+03   -3.01236e+03    4.70909e+03
     Coulomb-14        LJ (SR)   Coulomb (SR) Position Rest.      Potential
   -1.25781e+03    4.74538e+02   -8.18319e+04    0.00000e+00   -3.56631e+04
    Kinetic En.   Total Energy  Conserved En.    Temperature Pressure (bar)
    7.55820e+04    3.99190e+04    9.69944e+06    2.00473e+03   -6.47733e+04

DD  step 149999  vol min/aver 0.733  load imb.: force  8.0%

           Step           Time         Lambda
         150000       75.00000        0.00000

Current ref_t for group Ch:    250.8
Current ref_t for group Ac:    250.8
   Energies (kJ/mol)
           Bond          Angle    Proper Dih. Ryckaert-Bell.          LJ-14
    1.74625e+04    2.40446e+04    1.04707e+03   -3.66397e+03    4.75096e+03
     Coulomb-14        LJ (SR)   Coulomb (SR) Position Rest.      Potential
   -1.25739e+03    1.05613e+03   -7.90910e+04    0.00000e+00   -3.56511e+04
    Kinetic En.   Total Energy  Conserved En.    Temperature Pressure (bar)
    7.34034e+04    3.77524e+04    1.00054e+07    1.94694e+03   -6.28750e+04

DD  step 154999  vol min/aver 0.860  load imb.: force 13.4%

           Step           Time         Lambda
         155000       77.50000        0.00000

Current ref_t for group Ch:    225.8
Current ref_t for group Ac:    225.8
   Energies (kJ/mol)
           Bond          Angle    Proper Dih. Ryckaert-Bell.          LJ-14
    1.85165e+04    2.48350e+04    8.61883e+02   -3.88728e+03    4.48719e+03
     Coulomb-14        LJ (SR)   Coulomb (SR) Position Rest.      Potential
   -1.25923e+03    2.03870e+02   -8.06815e+04    0.00000e+00   -3.69235e+04
    Kinetic En.   Total Energy  Conserved En.    Temperature Pressure (bar)
    7.44547e+04    3.75312e+04    1.03140e+07    1.97483e+03   -7.64188e+04

DD  step 159999  vol min/aver 0.736  load imb.: force 14.6%

           Step           Time         Lambda
         160000       80.00000        0.00000

Current ref_t for group Ch:    200.8
Current ref_t for group Ac:    200.8
   Energies (kJ/mol)
           Bond          Angle    Proper Dih. Ryckaert-Bell.          LJ-14
    1.79580e+04    2.51646e+04    1.12825e+03   -4.00445e+03    4.67429e+03
     Coulomb-14        LJ (SR)   Coulomb (SR) Position Rest.      Potential
   -1.26282e+03   -1.71266e+02   -8.18795e+04    0.00000e+00   -3.83929e+04
    Kinetic En.   Total Energy  Conserved En.    Temperature Pressure (bar)
    7.01333e+04    3.17405e+04    1.06245e+07    1.86021e+03   -7.52077e+04

DD  step 164999  vol min/aver 0.741  load imb.: force 22.6%

           Step           Time         Lambda
         165000       82.50000        0.00000

Current ref_t for group Ch:    175.8
Current ref_t for group Ac:    175.8
   Energies (kJ/mol)
           Bond          Angle    Proper Dih. Ryckaert-Bell.          LJ-14
    1.54343e+04    2.37594e+04    9.51167e+02   -3.85479e+03    4.27931e+03
     Coulomb-14        LJ (SR)   Coulomb (SR) Position Rest.      Potential
   -1.26023e+03    5.40730e+01   -8.19418e+04    0.00000e+00   -4.25786e+04
    Kinetic En.   Total Energy  Conserved En.    Temperature Pressure (bar)
    6.85131e+04    2.59345e+04    1.09157e+07    1.81723e+03   -8.07858e+04

DD  step 169999  vol min/aver 0.806  load imb.: force 12.3%

           Step           Time         Lambda
         170000       85.00000        0.00000

Current ref_t for group Ch:    150.8
Current ref_t for group Ac:    150.8
   Energies (kJ/mol)
           Bond          Angle    Proper Dih. Ryckaert-Bell.          LJ-14
    1.67498e+04    2.39530e+04    9.94668e+02   -3.60308e+03    4.48251e+03
     Coulomb-14        LJ (SR)   Coulomb (SR) Position Rest.      Potential
   -1.27000e+03    5.71853e+02   -7.96317e+04    0.00000e+00   -3.77529e+04
    Kinetic En.   Total Energy  Conserved En.    Temperature Pressure (bar)
    7.04209e+04    3.26680e+04    1.12247e+07    1.86783e+03   -6.74507e+04

DD  step 174999  vol min/aver 0.727  load imb.: force 11.7%

           Step           Time         Lambda
         175000       87.50000        0.00000

Current ref_t for group Ch:    125.9
Current ref_t for group Ac:    125.9
   Energies (kJ/mol)
           Bond          Angle    Proper Dih. Ryckaert-Bell.          LJ-14
    1.63195e+04    2.36990e+04    9.31268e+02   -3.71370e+03    4.43765e+03
     Coulomb-14        LJ (SR)   Coulomb (SR) Position Rest.      Potential
   -1.25824e+03    7.92438e+02   -8.10501e+04    0.00000e+00   -3.98422e+04
    Kinetic En.   Total Energy  Conserved En.    Temperature Pressure (bar)
    7.02564e+04    3.04142e+04    1.15361e+07    1.86347e+03   -6.94190e+04

DD  load balancing is limited by minimum cell size in dimension Z
DD  step 179999  vol min/aver 0.797! load imb.: force 12.5%

           Step           Time         Lambda
         180000       90.00000        0.00000

Current ref_t for group Ch:    100.9
Current ref_t for group Ac:    100.9
   Energies (kJ/mol)
           Bond          Angle    Proper Dih. Ryckaert-Bell.          LJ-14
    1.64026e+04    2.36156e+04    8.87812e+02   -3.94896e+03    4.35238e+03
     Coulomb-14        LJ (SR)   Coulomb (SR) Position Rest.      Potential
   -1.25014e+03    3.78967e+02   -8.43604e+04    0.00000e+00   -4.39221e+04
    Kinetic En.   Total Energy  Conserved En.    Temperature Pressure (bar)
    6.76027e+04    2.36805e+04    1.18554e+07    1.79308e+03   -7.48151e+04

DD  step 184999  vol min/aver 0.731  load imb.: force 17.7%

           Step           Time         Lambda
         185000       92.50000        0.00000

Current ref_t for group Ch:     75.9
Current ref_t for group Ac:     75.9
   Energies (kJ/mol)
           Bond          Angle    Proper Dih. Ryckaert-Bell.          LJ-14
    1.40399e+04    1.99068e+04    7.85840e+02   -4.42566e+03    4.08318e+03
     Coulomb-14        LJ (SR)   Coulomb (SR) Position Rest.      Potential
   -1.26444e+03   -6.29526e+02   -7.98371e+04    0.00000e+00   -4.73410e+04
    Kinetic En.   Total Energy  Conserved En.    Temperature Pressure (bar)
    6.16372e+04    1.42962e+04    1.21404e+07    1.63485e+03   -7.97288e+04

DD  step 189999  vol min/aver 0.713  load imb.: force 19.2%

           Step           Time         Lambda
         190000       95.00000        0.00000

Current ref_t for group Ch:     51.0
Current ref_t for group Ac:     51.0
   Energies (kJ/mol)
           Bond          Angle    Proper Dih. Ryckaert-Bell.          LJ-14
    1.34853e+04    1.94311e+04    9.51741e+02   -4.46809e+03    4.16788e+03
     Coulomb-14        LJ (SR)   Coulomb (SR) Position Rest.      Potential
   -1.25165e+03   -1.03171e+03   -8.47540e+04    0.00000e+00   -5.34694e+04
    Kinetic En.   Total Energy  Conserved En.    Temperature Pressure (bar)
    5.86832e+04    5.21380e+03    1.24074e+07    1.55651e+03   -7.93744e+04

DD  step 194999  vol min/aver 0.775  load imb.: force 11.4%

           Step           Time         Lambda
         195000       97.50000        0.00000

Current ref_t for group Ch:     26.0
Current ref_t for group Ac:     26.0
   Energies (kJ/mol)
           Bond          Angle    Proper Dih. Ryckaert-Bell.          LJ-14
    1.39261e+04    1.91427e+04    9.68608e+02   -4.60403e+03    3.84302e+03
     Coulomb-14        LJ (SR)   Coulomb (SR) Position Rest.      Potential
   -1.25767e+03   -9.56626e+02   -8.45776e+04    0.00000e+00   -5.35156e+04
    Kinetic En.   Total Energy  Conserved En.    Temperature Pressure (bar)
    5.67079e+04    3.19229e+03    1.26854e+07    1.50411e+03   -8.08301e+04

DD  step 199999  vol min/aver 0.691  load imb.: force  9.4%

           Step           Time         Lambda
         200000      100.00000        0.00000

Current ref_t for group Ch:      1.0
Current ref_t for group Ac:      1.0
   Energies (kJ/mol)
           Bond          Angle    Proper Dih. Ryckaert-Bell.          LJ-14
    1.36080e+04    1.99069e+04    1.08124e+03   -4.29355e+03    3.97772e+03
     Coulomb-14        LJ (SR)   Coulomb (SR) Position Rest.      Potential
   -1.24589e+03   -9.62705e+01   -8.33461e+04    0.00000e+00   -5.04080e+04
    Kinetic En.   Total Energy  Conserved En.    Temperature Pressure (bar)
    6.05455e+04    1.01375e+04    1.29868e+07    1.60590e+03   -7.33740e+04

DD  step 204999  vol min/aver 0.704  load imb.: force 15.0%

           Step           Time         Lambda
         205000      102.50000        0.00000

Current ref_t for group Ch:      1.0
Current ref_t for group Ac:      1.0
   Energies (kJ/mol)
           Bond          Angle    Proper Dih. Ryckaert-Bell.          LJ-14
    1.28555e+04    1.97540e+04    9.29047e+02   -4.28739e+03    4.12861e+03
     Coulomb-14        LJ (SR)   Coulomb (SR) Position Rest.      Potential
   -1.25882e+03   -4.11610e+02   -8.27900e+04    0.00000e+00   -5.10806e+04
    Kinetic En.   Total Energy  Conserved En.    Temperature Pressure (bar)
    5.87857e+04    7.70509e+03    1.32748e+07    1.55922e+03   -7.45956e+04

DD  step 209999  vol min/aver 0.805  load imb.: force 10.3%

           Step           Time         Lambda
         210000      105.00000        0.00000

Current ref_t for group Ch:      1.0
Current ref_t for group Ac:      1.0
   Energies (kJ/mol)
           Bond          Angle    Proper Dih. Ryckaert-Bell.          LJ-14
    1.35340e+04    1.87285e+04    6.53085e+02   -4.51600e+03    4.16510e+03
     Coulomb-14        LJ (SR)   Coulomb (SR) Position Rest.      Potential
   -1.27605e+03   -1.35311e+02   -8.22970e+04    0.00000e+00   -5.11437e+04
    Kinetic En.   Total Energy  Conserved En.    Temperature Pressure (bar)
    5.80836e+04    6.93986e+03    1.35572e+07    1.54060e+03   -7.81125e+04

DD  step 214999  vol min/aver 0.649  load imb.: force  6.4%

           Step           Time         Lambda
         215000      107.50000        0.00000

Current ref_t for group Ch:      1.0
Current ref_t for group Ac:      1.0
   Energies (kJ/mol)
           Bond          Angle    Proper Dih. Ryckaert-Bell.          LJ-14
    1.35218e+04    2.02794e+04    8.43239e+02   -4.53171e+03    4.08009e+03
     Coulomb-14        LJ (SR)   Coulomb (SR) Position Rest.      Potential
   -1.24552e+03   -2.10907e+02   -8.20614e+04    0.00000e+00   -4.93250e+04
    Kinetic En.   Total Energy  Conserved En.    Temperature Pressure (bar)
    5.66072e+04    7.28223e+03    1.38431e+07    1.50144e+03   -8.27272e+04

DD  step 219999  vol min/aver 0.807  load imb.: force 10.1%

           Step           Time         Lambda
         220000      110.00000        0.00000

Current ref_t for group Ch:      1.0
Current ref_t for group Ac:      1.0
   Energies (kJ/mol)
           Bond          Angle    Proper Dih. Ryckaert-Bell.          LJ-14
    1.30991e+04    2.05119e+04    8.80800e+02   -4.45530e+03    4.23786e+03
     Coulomb-14        LJ (SR)   Coulomb (SR) Position Rest.      Potential
   -1.25420e+03   -4.66984e+02   -8.28146e+04    0.00000e+00   -5.02615e+04
    Kinetic En.   Total Energy  Conserved En.    Temperature Pressure (bar)
    5.92734e+04    9.01194e+03    1.41341e+07    1.57216e+03   -8.08991e+04

DD  step 224999  vol min/aver 0.758  load imb.: force 11.7%

           Step           Time         Lambda
         225000      112.50000        0.00000

Current ref_t for group Ch:      1.0
Current ref_t for group Ac:      1.0
   Energies (kJ/mol)
           Bond          Angle    Proper Dih. Ryckaert-Bell.          LJ-14
    1.34102e+04    1.92928e+04    8.57019e+02   -4.87643e+03    3.71025e+03
     Coulomb-14        LJ (SR)   Coulomb (SR) Position Rest.      Potential
   -1.25192e+03   -7.19150e+02   -8.71126e+04    0.00000e+00   -5.66899e+04
    Kinetic En.   Total Energy  Conserved En.    Temperature Pressure (bar)
    5.53810e+04   -1.30885e+03    1.44063e+07    1.46892e+03   -7.65069e+04

DD  step 229999  vol min/aver 0.713  load imb.: force 11.1%

           Step           Time         Lambda
         230000      115.00000        0.00000

Current ref_t for group Ch:      1.0
Current ref_t for group Ac:      1.0
   Energies (kJ/mol)
           Bond          Angle    Proper Dih. Ryckaert-Bell.          LJ-14
    1.30089e+04    1.85382e+04    8.07482e+02   -4.35019e+03    4.01527e+03
     Coulomb-14        LJ (SR)   Coulomb (SR) Position Rest.      Potential
   -1.25462e+03   -8.05553e+02   -8.08356e+04    0.00000e+00   -5.08761e+04
    Kinetic En.   Total Energy  Conserved En.    Temperature Pressure (bar)
    5.73423e+04    6.46618e+03    1.46930e+07    1.52094e+03   -6.67584e+04

DD  step 234999  vol min/aver 0.788  load imb.: force 15.5%

           Step           Time         Lambda
         235000      117.50000        0.00000

Current ref_t for group Ch:      1.0
Current ref_t for group Ac:      1.0
   Energies (kJ/mol)
           Bond          Angle    Proper Dih. Ryckaert-Bell.          LJ-14
    1.22634e+04    1.76829e+04    7.95933e+02   -4.75045e+03    3.85912e+03
     Coulomb-14        LJ (SR)   Coulomb (SR) Position Rest.      Potential
   -1.26069e+03   -1.53946e+03   -8.26251e+04    0.00000e+00   -5.55743e+04
    Kinetic En.   Total Energy  Conserved En.    Temperature Pressure (bar)
    5.32860e+04   -2.28834e+03    1.49534e+07    1.41335e+03   -8.10036e+04

DD  load balancing is limited by minimum cell size in dimension Z
DD  step 239999  vol min/aver 0.665! load imb.: force 11.7%

           Step           Time         Lambda
         240000      120.00000        0.00000

Current ref_t for group Ch:      1.0
Current ref_t for group Ac:      1.0
   Energies (kJ/mol)
           Bond          Angle    Proper Dih. Ryckaert-Bell.          LJ-14
    1.16058e+04    1.74440e+04    6.79840e+02   -4.96601e+03    3.95503e+03
     Coulomb-14        LJ (SR)   Coulomb (SR) Position Rest.      Potential
   -1.26241e+03   -1.35833e+03   -8.34268e+04    0.00000e+00   -5.73288e+04
    Kinetic En.   Total Energy  Conserved En.    Temperature Pressure (bar)
    5.06332e+04   -6.69557e+03    1.52105e+07    1.34299e+03   -8.14392e+04

DD  load balancing is limited by minimum cell size in dimension Y
DD  step 244999  vol min/aver 0.798! load imb.: force 16.5%

           Step           Time         Lambda
         245000      122.50000        0.00000

Current ref_t for group Ch:      1.0
Current ref_t for group Ac:      1.0
   Energies (kJ/mol)
           Bond          Angle    Proper Dih. Ryckaert-Bell.          LJ-14
    1.32744e+04    1.86562e+04    6.63531e+02   -4.58353e+03    3.87059e+03
     Coulomb-14        LJ (SR)   Coulomb (SR) Position Rest.      Potential
   -1.26344e+03   -7.98022e+02   -8.55812e+04    0.00000e+00   -5.57615e+04
    Kinetic En.   Total Energy  Conserved En.    Temperature Pressure (bar)
    5.85135e+04    2.75202e+03    1.54837e+07    1.55200e+03   -9.07106e+04

DD  step 249999  vol min/aver 0.814  load imb.: force 11.2%

           Step           Time         Lambda
         250000      125.00000        0.00000

Current ref_t for group Ch:      1.0
Current ref_t for group Ac:      1.0
   Energies (kJ/mol)
           Bond          Angle    Proper Dih. Ryckaert-Bell.          LJ-14
    1.31248e+04    1.87655e+04    9.36762e+02   -5.24317e+03    3.82175e+03
     Coulomb-14        LJ (SR)   Coulomb (SR) Position Rest.      Potential
   -1.26898e+03   -2.19207e+02   -8.43026e+04    0.00000e+00   -5.43852e+04
    Kinetic En.   Total Energy  Conserved En.    Temperature Pressure (bar)
    5.59504e+04    1.56521e+03    1.57585e+07    1.48402e+03   -8.88863e+04

DD  step 254999  vol min/aver 0.811  load imb.: force 14.0%

           Step           Time         Lambda
         255000      127.50000        0.00000

Current ref_t for group Ch:      1.0
Current ref_t for group Ac:      1.0
   Energies (kJ/mol)
           Bond          Angle    Proper Dih. Ryckaert-Bell.          LJ-14
    1.34081e+04    1.97317e+04    8.49937e+02   -4.70021e+03    3.82008e+03
     Coulomb-14        LJ (SR)   Coulomb (SR) Position Rest.      Potential
   -1.25881e+03   -2.81317e+01   -8.18232e+04    0.00000e+00   -5.00005e+04
    Kinetic En.   Total Energy  Conserved En.    Temperature Pressure (bar)
    5.70010e+04    7.00053e+03    1.60407e+07    1.51189e+03   -7.67256e+04

DD  step 259999  vol min/aver 0.849  load imb.: force 12.6%

           Step           Time         Lambda
         260000      130.00000        0.00000

Current ref_t for group Ch:      1.0
Current ref_t for group Ac:      1.0
   Energies (kJ/mol)
           Bond          Angle    Proper Dih. Ryckaert-Bell.          LJ-14
    1.30879e+04    1.80085e+04    7.76680e+02   -4.50943e+03    3.84423e+03
     Coulomb-14        LJ (SR)   Coulomb (SR) Position Rest.      Potential
   -1.25243e+03   -5.27939e+02   -8.36090e+04    0.00000e+00   -5.41815e+04
    Kinetic En.   Total Energy  Conserved En.    Temperature Pressure (bar)
    5.56231e+04    1.44158e+03    1.63108e+07    1.47534e+03   -7.41644e+04

DD  step 264999  vol min/aver 0.842  load imb.: force 13.3%

           Step           Time         Lambda
         265000      132.50000        0.00000

Current ref_t for group Ch:      1.0
Current ref_t for group Ac:      1.0
   Energies (kJ/mol)
           Bond          Angle    Proper Dih. Ryckaert-Bell.          LJ-14
    1.30336e+04    1.84790e+04    9.69181e+02   -4.67244e+03    3.87895e+03
     Coulomb-14        LJ (SR)   Coulomb (SR) Position Rest.      Potential
   -1.25458e+03   -9.38975e+02   -8.20420e+04    0.00000e+00   -5.25471e+04
    Kinetic En.   Total Energy  Conserved En.    Temperature Pressure (bar)
    5.64217e+04    3.87457e+03    1.65866e+07    1.49652e+03   -7.43290e+04

DD  step 269999  vol min/aver 0.834  load imb.: force 13.5%

           Step           Time         Lambda
         270000      135.00000        0.00000

Current ref_t for group Ch:      1.0
Current ref_t for group Ac:      1.0
   Energies (kJ/mol)
           Bond          Angle    Proper Dih. Ryckaert-Bell.          LJ-14
    1.38737e+04    2.04909e+04    1.01129e+03   -4.75515e+03    4.13763e+03
     Coulomb-14        LJ (SR)   Coulomb (SR) Position Rest.      Potential
   -1.26337e+03   -7.87177e+02   -8.57349e+04    0.00000e+00   -5.30270e+04
    Kinetic En.   Total Energy  Conserved En.    Temperature Pressure (bar)
    6.05190e+04    7.49203e+03    1.68712e+07    1.60520e+03   -8.78764e+04

DD  load balancing is limited by minimum cell size in dimension Y
DD  step 274999  vol min/aver 0.767! load imb.: force 12.2%

           Step           Time         Lambda
         275000      137.50000        0.00000

Current ref_t for group Ch:      1.0
Current ref_t for group Ac:      1.0
   Energies (kJ/mol)
           Bond          Angle    Proper Dih. Ryckaert-Bell.          LJ-14
    1.29897e+04    1.84024e+04    8.10854e+02   -4.59726e+03    4.04778e+03
     Coulomb-14        LJ (SR)   Coulomb (SR) Position Rest.      Potential
   -1.27761e+03   -8.04192e+02   -8.28802e+04    0.00000e+00   -5.33085e+04
    Kinetic En.   Total Energy  Conserved En.    Temperature Pressure (bar)
    5.67992e+04    3.49068e+03    1.71488e+07    1.50653e+03   -7.53014e+04

DD  step 279999  vol min/aver 0.813  load imb.: force 10.3%

           Step           Time         Lambda
         280000      140.00000        0.00000

Current ref_t for group Ch:      1.0
Current ref_t for group Ac:      1.0
   Energies (kJ/mol)
           Bond          Angle    Proper Dih. Ryckaert-Bell.          LJ-14
    1.34982e+04    1.83409e+04    8.69639e+02   -4.82956e+03    3.82353e+03
     Coulomb-14        LJ (SR)   Coulomb (SR) Position Rest.      Potential
   -1.26663e+03   -7.51722e+02   -8.23958e+04    0.00000e+00   -5.27115e+04
    Kinetic En.   Total Energy  Conserved En.    Temperature Pressure (bar)
    5.74030e+04    4.69146e+03    1.74301e+07    1.52255e+03   -7.50055e+04

DD  load balancing is limited by minimum cell size in dimension Y
DD  step 284999  vol min/aver 0.770! load imb.: force 11.3%

           Step           Time         Lambda
         285000      142.50000        0.00000

Current ref_t for group Ch:      1.0
Current ref_t for group Ac:      1.0
   Energies (kJ/mol)
           Bond          Angle    Proper Dih. Ryckaert-Bell.          LJ-14
    1.41676e+04    2.02039e+04    8.08315e+02   -4.58054e+03    3.87129e+03
     Coulomb-14        LJ (SR)   Coulomb (SR) Position Rest.      Potential
   -1.26327e+03   -4.51215e+01   -8.06995e+04    0.00000e+00   -4.75373e+04
    Kinetic En.   Total Energy  Conserved En.    Temperature Pressure (bar)
    5.95733e+04    1.20361e+04    1.77300e+07    1.58011e+03   -7.48431e+04

DD  step 289999  vol min/aver 0.732  load imb.: force  9.7%

           Step           Time         Lambda
         290000      145.00000        0.00000

Current ref_t for group Ch:      1.0
Current ref_t for group Ac:      1.0
   Energies (kJ/mol)
           Bond          Angle    Proper Dih. Ryckaert-Bell.          LJ-14
    1.34110e+04    1.97384e+04    9.02874e+02   -4.95507e+03    4.06337e+03
     Coulomb-14        LJ (SR)   Coulomb (SR) Position Rest.      Potential
   -1.24522e+03    3.49813e+02   -8.72174e+04    0.00000e+00   -5.49522e+04
    Kinetic En.   Total Energy  Conserved En.    Temperature Pressure (bar)
    5.96354e+04    4.68321e+03    1.80162e+07    1.58176e+03   -8.32636e+04

DD  step 294999  vol min/aver 0.733  load imb.: force  8.1%

           Step           Time         Lambda
         295000      147.50000        0.00000

Current ref_t for group Ch:      1.0
Current ref_t for group Ac:      1.0
   Energies (kJ/mol)
           Bond          Angle    Proper Dih. Ryckaert-Bell.          LJ-14
    1.33283e+04    1.88097e+04    6.85165e+02   -4.74635e+03    3.80498e+03
     Coulomb-14        LJ (SR)   Coulomb (SR) Position Rest.      Potential
   -1.24025e+03   -9.68034e+02   -8.51715e+04    0.00000e+00   -5.54980e+04
    Kinetic En.   Total Energy  Conserved En.    Temperature Pressure (bar)
    5.61596e+04    6.61645e+02    1.82930e+07    1.48957e+03   -9.19223e+04

DD  step 299999  vol min/aver 0.793  load imb.: force 15.0%

           Step           Time         Lambda
         300000      150.00000        0.00000

Current ref_t for group Ch:      1.0
Current ref_t for group Ac:      1.0
   Energies (kJ/mol)
           Bond          Angle    Proper Dih. Ryckaert-Bell.          LJ-14
    1.24919e+04    1.96204e+04    8.13046e+02   -4.77007e+03    3.80471e+03
     Coulomb-14        LJ (SR)   Coulomb (SR) Position Rest.      Potential
   -1.24334e+03   -5.60545e+02   -8.44888e+04    0.00000e+00   -5.43328e+04
    Kinetic En.   Total Energy  Conserved En.    Temperature Pressure (bar)
    5.72769e+04    2.94416e+03    1.85722e+07    1.51920e+03   -8.28381e+04

DD  step 304999  vol min/aver 0.812  load imb.: force 10.7%

           Step           Time         Lambda
         305000      152.50000        0.00000

Current ref_t for group Ch:      1.0
Current ref_t for group Ac:      1.0
   Energies (kJ/mol)
           Bond          Angle    Proper Dih. Ryckaert-Bell.          LJ-14
    1.35661e+04    1.87696e+04    8.33059e+02   -4.67248e+03    3.96061e+03
     Coulomb-14        LJ (SR)   Coulomb (SR) Position Rest.      Potential
   -1.26179e+03   -8.23940e+01   -8.38551e+04    0.00000e+00   -5.27425e+04
    Kinetic En.   Total Energy  Conserved En.    Temperature Pressure (bar)
    5.75288e+04    4.78630e+03    1.88557e+07    1.52589e+03   -7.05518e+04

DD  load balancing is limited by minimum cell size in dimension Y
DD  step 309999  vol min/aver 0.839! load imb.: force 15.2%

           Step           Time         Lambda
         310000      155.00000        0.00000

Current ref_t for group Ch:      1.0
Current ref_t for group Ac:      1.0
   Energies (kJ/mol)
           Bond          Angle    Proper Dih. Ryckaert-Bell.          LJ-14
    1.26336e+04    1.78660e+04    7.44601e+02   -4.94135e+03    3.61351e+03
     Coulomb-14        LJ (SR)   Coulomb (SR) Position Rest.      Potential
   -1.26261e+03   -1.34337e+03   -8.01304e+04    0.00000e+00   -5.28200e+04
    Kinetic En.   Total Energy  Conserved En.    Temperature Pressure (bar)
    5.43095e+04    1.48955e+03    1.91217e+07    1.44050e+03   -7.42091e+04

DD  step 314999  vol min/aver 0.842  load imb.: force 10.8%

           Step           Time         Lambda
         315000      157.50000        0.00000

Current ref_t for group Ch:      1.0
Current ref_t for group Ac:      1.0
   Energies (kJ/mol)
           Bond          Angle    Proper Dih. Ryckaert-Bell.          LJ-14
    1.28999e+04    1.79580e+04    7.69136e+02   -4.81847e+03    3.76206e+03
     Coulomb-14        LJ (SR)   Coulomb (SR) Position Rest.      Potential
   -1.25846e+03   -1.09899e+03   -8.48760e+04    0.00000e+00   -5.66628e+04
    Kinetic En.   Total Energy  Conserved En.    Temperature Pressure (bar)
    5.57221e+04   -9.40766e+02    1.93861e+07    1.47796e+03   -8.50418e+04

DD  step 319999  vol min/aver 0.785  load imb.: force 14.8%

           Step           Time         Lambda
         320000      160.00000        0.00000

Current ref_t for group Ch:      1.0
Current ref_t for group Ac:      1.0
   Energies (kJ/mol)
           Bond          Angle    Proper Dih. Ryckaert-Bell.          LJ-14
    1.29201e+04    1.86097e+04    9.53285e+02   -4.70898e+03    3.77268e+03
     Coulomb-14        LJ (SR)   Coulomb (SR) Position Rest.      Potential
   -1.26923e+03   -4.30953e+02   -8.05237e+04    0.00000e+00   -5.06770e+04
    Kinetic En.   Total Energy  Conserved En.    Temperature Pressure (bar)
    5.66078e+04    5.93077e+03    1.96705e+07    1.50146e+03   -6.93780e+04

DD  step 324999  vol min/aver 0.757  load imb.: force 13.1%

           Step           Time         Lambda
         325000      162.50000        0.00000

Current ref_t for group Ch:      1.0
Current ref_t for group Ac:      1.0
   Energies (kJ/mol)
           Bond          Angle    Proper Dih. Ryckaert-Bell.          LJ-14
    1.36226e+04    1.87589e+04    7.30739e+02   -4.70105e+03    3.88010e+03
     Coulomb-14        LJ (SR)   Coulomb (SR) Position Rest.      Potential
   -1.25428e+03   -7.25876e+02   -8.39856e+04    0.00000e+00   -5.36745e+04
    Kinetic En.   Total Energy  Conserved En.    Temperature Pressure (bar)
    5.67424e+04    3.06794e+03    1.99474e+07    1.50503e+03   -7.47523e+04

DD  step 329999  vol min/aver 0.770  load imb.: force 10.7%

           Step           Time         Lambda
         330000      165.00000        0.00000

Current ref_t for group Ch:      1.0
Current ref_t for group Ac:      1.0
   Energies (kJ/mol)
           Bond          Angle    Proper Dih. Ryckaert-Bell.          LJ-14
    1.36580e+04    2.03995e+04    7.46718e+02   -4.43233e+03    4.31278e+03
     Coulomb-14        LJ (SR)   Coulomb (SR) Position Rest.      Potential
   -1.25341e+03   -4.73907e+02   -8.42507e+04    0.00000e+00   -5.12934e+04
    Kinetic En.   Total Energy  Conserved En.    Temperature Pressure (bar)
    6.09425e+04    9.64910e+03    2.02447e+07    1.61643e+03   -7.66200e+04

DD  step 334999  vol min/aver 0.706  load imb.: force 13.5%

           Step           Time         Lambda
         335000      167.50000        0.00000

Current ref_t for group Ch:      1.0
Current ref_t for group Ac:      1.0
   Energies (kJ/mol)
           Bond          Angle    Proper Dih. Ryckaert-Bell.          LJ-14
    1.41218e+04    1.95679e+04    8.47481e+02   -4.57724e+03    3.95864e+03
     Coulomb-14        LJ (SR)   Coulomb (SR) Position Rest.      Potential
   -1.25359e+03   -3.58479e+02   -8.43163e+04    0.00000e+00   -5.20098e+04
    Kinetic En.   Total Energy  Conserved En.    Temperature Pressure (bar)
    5.87107e+04    6.70086e+03    2.05279e+07    1.55723e+03   -7.97103e+04

DD  step 339999  vol min/aver 0.747  load imb.: force 21.4%

           Step           Time         Lambda
         340000      170.00000        0.00000

Current ref_t for group Ch:      1.0
Current ref_t for group Ac:      1.0
   Energies (kJ/mol)
           Bond          Angle    Proper Dih. Ryckaert-Bell.          LJ-14
    1.33779e+04    1.86903e+04    9.67151e+02   -5.20621e+03    4.16133e+03
     Coulomb-14        LJ (SR)   Coulomb (SR) Position Rest.      Potential
   -1.26921e+03   -5.48270e+02   -8.47651e+04    0.00000e+00   -5.45921e+04
    Kinetic En.   Total Energy  Conserved En.    Temperature Pressure (bar)
    5.58915e+04    1.29940e+03    2.08074e+07    1.48246e+03   -8.11466e+04

DD  step 344999  vol min/aver 0.746  load imb.: force 11.7%

           Step           Time         Lambda
         345000      172.50000        0.00000

Current ref_t for group Ch:      1.0
Current ref_t for group Ac:      1.0
   Energies (kJ/mol)
           Bond          Angle    Proper Dih. Ryckaert-Bell.          LJ-14
    1.27974e+04    1.94033e+04    1.14406e+03   -4.86335e+03    3.68336e+03
     Coulomb-14        LJ (SR)   Coulomb (SR) Position Rest.      Potential
   -1.25966e+03   -7.25138e+02   -8.26903e+04    0.00000e+00   -5.25103e+04
    Kinetic En.   Total Energy  Conserved En.    Temperature Pressure (bar)
    5.62835e+04    3.77317e+03    2.10917e+07    1.49285e+03   -7.97512e+04

DD  step 349999  vol min/aver 0.770  load imb.: force  9.2%

           Step           Time         Lambda
         350000      175.00000        0.00000

Current ref_t for group Ch:      1.0
Current ref_t for group Ac:      1.0
   Energies (kJ/mol)
           Bond          Angle    Proper Dih. Ryckaert-Bell.          LJ-14
    1.28554e+04    1.84046e+04    6.44590e+02   -4.70389e+03    3.94506e+03
     Coulomb-14        LJ (SR)   Coulomb (SR) Position Rest.      Potential
   -1.26282e+03   -1.35762e+03   -8.38935e+04    0.00000e+00   -5.53682e+04
    Kinetic En.   Total Energy  Conserved En.    Temperature Pressure (bar)
    5.46128e+04   -7.55414e+02    2.13629e+07    1.44854e+03   -8.27232e+04

DD  step 354999  vol min/aver 0.805  load imb.: force 11.9%

           Step           Time         Lambda
         355000      177.50000        0.00000

Current ref_t for group Ch:      1.0
Current ref_t for group Ac:      1.0
   Energies (kJ/mol)
           Bond          Angle    Proper Dih. Ryckaert-Bell.          LJ-14
    1.32106e+04    2.04767e+04    7.83181e+02   -4.32941e+03    4.35347e+03
     Coulomb-14        LJ (SR)   Coulomb (SR) Position Rest.      Potential
   -1.24867e+03   -4.11702e+02   -8.39221e+04    0.00000e+00   -5.10879e+04
    Kinetic En.   Total Energy  Conserved En.    Temperature Pressure (bar)
    5.79965e+04    6.90856e+03    2.16552e+07    1.53829e+03   -8.22112e+04

DD  step 359999  vol min/aver 0.816  load imb.: force  8.1%

           Step           Time         Lambda
         360000      180.00000        0.00000

Current ref_t for group Ch:      1.0
Current ref_t for group Ac:      1.0
   Energies (kJ/mol)
           Bond          Angle    Proper Dih. Ryckaert-Bell.          LJ-14
    1.32588e+04    1.84750e+04    8.63035e+02   -4.59936e+03    3.86466e+03
     Coulomb-14        LJ (SR)   Coulomb (SR) Position Rest.      Potential
   -1.24124e+03   -8.83125e+02   -8.17722e+04    0.00000e+00   -5.20343e+04
    Kinetic En.   Total Energy  Conserved En.    Temperature Pressure (bar)
    5.77669e+04    5.73253e+03    2.19317e+07    1.53220e+03   -7.17397e+04

DD  load balancing is limited by minimum cell size in dimension Y
DD  step 364999  vol min/aver 0.726! load imb.: force 11.6%

           Step           Time         Lambda
         365000      182.50000        0.00000

Current ref_t for group Ch:      1.0
Current ref_t for group Ac:      1.0
   Energies (kJ/mol)
           Bond          Angle    Proper Dih. Ryckaert-Bell.          LJ-14
    1.32401e+04    1.97773e+04    8.17760e+02   -4.09621e+03    3.94497e+03
     Coulomb-14        LJ (SR)   Coulomb (SR) Position Rest.      Potential
   -1.25902e+03   -9.53287e+02   -8.41299e+04    0.00000e+00   -5.26583e+04
    Kinetic En.   Total Energy  Conserved En.    Temperature Pressure (bar)
    5.73139e+04    4.65560e+03    2.22130e+07    1.52018e+03   -7.95144e+04

DD  step 369999  vol min/aver 0.785  load imb.: force 16.9%

           Step           Time         Lambda
         370000      185.00000        0.00000

Current ref_t for group Ch:      1.0
Current ref_t for group Ac:      1.0
   Energies (kJ/mol)
           Bond          Angle    Proper Dih. Ryckaert-Bell.          LJ-14
    1.27326e+04    1.81635e+04    7.58713e+02   -5.26104e+03    3.79890e+03
     Coulomb-14        LJ (SR)   Coulomb (SR) Position Rest.      Potential
   -1.25819e+03   -7.74573e+02   -8.52282e+04    0.00000e+00   -5.70683e+04
    Kinetic En.   Total Energy  Conserved En.    Temperature Pressure (bar)
    5.38947e+04   -3.17357e+03    2.24830e+07    1.42949e+03   -8.69803e+04

DD  step 374999  vol min/aver 0.750  load imb.: force 10.5%

           Step           Time         Lambda
         375000      187.50000        0.00000

Current ref_t for group Ch:      1.0
Current ref_t for group Ac:      1.0
   Energies (kJ/mol)
           Bond          Angle    Proper Dih. Ryckaert-Bell.          LJ-14
    1.30608e+04    1.90692e+04    7.26800e+02   -4.50866e+03    3.92982e+03
     Coulomb-14        LJ (SR)   Coulomb (SR) Position Rest.      Potential
   -1.26820e+03   -3.52660e+02   -8.41205e+04    0.00000e+00   -5.34633e+04
    Kinetic En.   Total Energy  Conserved En.    Temperature Pressure (bar)
    5.61179e+04    2.65457e+03    2.27675e+07    1.48846e+03   -8.23996e+04

DD  step 379999  vol min/aver 0.797  load imb.: force  8.9%

           Step           Time         Lambda
         380000      190.00000        0.00000

Current ref_t for group Ch:      1.0
Current ref_t for group Ac:      1.0
   Energies (kJ/mol)
           Bond          Angle    Proper Dih. Ryckaert-Bell.          LJ-14
    1.26953e+04    1.87547e+04    1.07428e+03   -4.68300e+03    3.96732e+03
     Coulomb-14        LJ (SR)   Coulomb (SR) Position Rest.      Potential
   -1.25907e+03   -5.45651e+02   -8.43474e+04    0.00000e+00   -5.43435e+04
    Kinetic En.   Total Energy  Conserved En.    Temperature Pressure (bar)
    5.67961e+04    2.45256e+03    2.30450e+07    1.50645e+03   -9.25459e+04

DD  step 384999  vol min/aver 0.809  load imb.: force  8.0%

           Step           Time         Lambda
         385000      192.50000        0.00000

Current ref_t for group Ch:      1.0
Current ref_t for group Ac:      1.0
   Energies (kJ/mol)
           Bond          Angle    Proper Dih. Ryckaert-Bell.          LJ-14
    1.30842e+04    1.94710e+04    1.12966e+03   -4.44557e+03    3.78415e+03
     Coulomb-14        LJ (SR)   Coulomb (SR) Position Rest.      Potential
   -1.24719e+03   -7.97379e+02   -8.59433e+04    0.00000e+00   -5.49644e+04
    Kinetic En.   Total Energy  Conserved En.    Temperature Pressure (bar)
    5.76981e+04    2.73366e+03    2.33267e+07    1.53038e+03   -7.90022e+04

DD  step 389999  vol min/aver 0.715  load imb.: force 14.4%

           Step           Time         Lambda
         390000      195.00000        0.00000

Current ref_t for group Ch:      1.0
Current ref_t for group Ac:      1.0
   Energies (kJ/mol)
           Bond          Angle    Proper Dih. Ryckaert-Bell.          LJ-14
    1.37218e+04    1.94868e+04    8.28190e+02   -4.50013e+03    4.06623e+03
     Coulomb-14        LJ (SR)   Coulomb (SR) Position Rest.      Potential
   -1.26207e+03   -5.45851e+01   -7.98476e+04    0.00000e+00   -4.75613e+04
    Kinetic En.   Total Energy  Conserved En.    Temperature Pressure (bar)
    5.98015e+04    1.22402e+04    2.36320e+07    1.58617e+03   -7.19099e+04

DD  step 394999  vol min/aver 0.781  load imb.: force 10.0%

           Step           Time         Lambda
         395000      197.50000        0.00000

Current ref_t for group Ch:      1.0
Current ref_t for group Ac:      1.0
   Energies (kJ/mol)
           Bond          Angle    Proper Dih. Ryckaert-Bell.          LJ-14
    1.35859e+04    1.97974e+04    7.34975e+02   -4.48215e+03    3.94532e+03
     Coulomb-14        LJ (SR)   Coulomb (SR) Position Rest.      Potential
   -1.25666e+03   -7.67502e+02   -8.28293e+04    0.00000e+00   -5.12721e+04
    Kinetic En.   Total Energy  Conserved En.    Temperature Pressure (bar)
    5.52115e+04    3.93940e+03    2.39095e+07    1.46442e+03   -7.34217e+04

DD  step 399999  vol min/aver 0.798  load imb.: force  8.4%

           Step           Time         Lambda
         400000      200.00000        0.00000

Writing checkpoint, step 400000 at Mon Jul  9 13:00:35 2018


Current ref_t for group Ch:      1.0
Current ref_t for group Ac:      1.0
   Energies (kJ/mol)
           Bond          Angle    Proper Dih. Ryckaert-Bell.          LJ-14
    1.27860e+04    1.94470e+04    7.35636e+02   -4.82999e+03    3.67210e+03
     Coulomb-14        LJ (SR)   Coulomb (SR) Position Rest.      Potential
   -1.24793e+03   -6.61272e+02   -8.07630e+04    0.00000e+00   -5.08614e+04
    Kinetic En.   Total Energy  Conserved En.    Temperature Pressure (bar)
    5.91165e+04    8.25503e+03    2.41955e+07    1.56800e+03   -7.86438e+04

	<======  ###############  ==>
	<====  A V E R A G E S  ====>
	<==  ###############  ======>

	Statistics over 400001 steps using 4001 frames

Current ref_t for group Ch:      1.0
Current ref_t for group Ac:      1.0
   Energies (kJ/mol)
           Bond          Angle    Proper Dih. Ryckaert-Bell.          LJ-14
    1.73205e+04    2.45981e+04    1.02369e+03   -3.85936e+03    4.45490e+03
     Coulomb-14        LJ (SR)   Coulomb (SR) Position Rest.      Potential
   -1.25581e+03    3.43783e+02   -8.23709e+04    0.00000e+00   -3.97450e+04
    Kinetic En.   Total Energy  Conserved En.    Temperature Pressure (bar)
    7.06950e+04    3.09500e+04    1.25970e+07    1.87510e+03   -7.29669e+04

   Total Virial (kJ/mol)
    8.77571e+04    3.47750e+01    4.99307e+01
    3.47749e+01    8.77993e+04   -3.49030e+01
    4.99304e+01   -3.49033e+01    8.80680e+04

   Pressure (bar)
   -7.28454e+04   -3.09071e+01   -5.29613e+01
   -3.09070e+01   -7.28678e+04    5.54528e+01
   -5.29610e+01    5.54531e+01   -7.31875e+04

  Epot (kJ/mol)        Coul-SR          LJ-SR        Coul-14          LJ-14   
          Ch-Ch    1.12458e+05   -2.54722e+02    3.67023e+02    4.14550e+03
          Ch-Ac   -2.38414e+05    1.01170e+03    0.00000e+00    0.00000e+00
         Ch-PDA    6.29972e+05    0.00000e+00    0.00000e+00    0.00000e+00
         Ch-NDA   -6.46321e+05    0.00000e+00    0.00000e+00    0.00000e+00
          Ac-Ac    1.07911e+05   -4.13194e+02   -1.62283e+03    3.09404e+02
         Ac-PDA   -6.55330e+05    0.00000e+00    0.00000e+00    0.00000e+00
         Ac-NDA    6.07352e+05    0.00000e+00    0.00000e+00    0.00000e+00
        PDA-PDA    0.00000e+00    0.00000e+00    0.00000e+00    0.00000e+00
        PDA-NDA    0.00000e+00    0.00000e+00    0.00000e+00    0.00000e+00
        NDA-NDA    0.00000e+00    0.00000e+00    0.00000e+00    0.00000e+00

           T-Ch           T-Ac          T-PDA          T-NDA
    1.71046e+03    2.36903e+03    0.00000e+00    0.00000e+00


	M E G A - F L O P S   A C C O U N T I N G

 NB=Group-cutoff nonbonded kernels    NxN=N-by-N cluster Verlet kernels
 RF=Reaction-Field  VdW=Van der Waals  QSTab=quadratic-spline table
 W3=SPC/TIP3p  W4=TIP4p (single or pairs)
 V&F=Potential and force  V=Potential only  F=Force only

 Computing:                               M-Number         M-Flops  % Flops
-----------------------------------------------------------------------------
 NB Elec. [V&F]                       79759.802760       79759.803     0.2
 NB Elec. [F]                       7173142.226098     7173142.226    20.2
 NB VdW & Elec. [V&F]                320281.095813      320281.096     0.9
 NB VdW & Elec. [F]                26690027.117038    26690027.117    75.2
 1,4 nonbonded interactions            2332.805832      209952.525     0.6
 NS-Pairs                              4823.977926      101303.536     0.3
 Reset In Box                            11.881188          35.644     0.0
 CG-CoM                                  32.406480          97.219     0.0
 Bonds                                 1123.202808       66268.966     0.2
 Angles                                1987.204968      333850.435     0.9
 Propers                                 43.200108        9892.825     0.0
 RB-Dihedrals                          2073.605184      512180.480     1.4
 Pos. Restr.                             86.400216        4320.011     0.0
 Virial                                  18.724680         337.044     0.0
 Stop-CM                                  0.265680           2.657     0.0
 Calc-Ekin                              129.606480        3499.375     0.0
-----------------------------------------------------------------------------
 Total                                                35504950.958   100.0
-----------------------------------------------------------------------------


    D O M A I N   D E C O M P O S I T I O N   S T A T I S T I C S

 av. #atoms communicated per step for force:  2 x 33157.9

 Average load imbalance: 12.4 %
 Part of the total run time spent waiting due to load imbalance: 9.7 %
 Steps where the load balancing was limited by -rdd, -rcon and/or -dds: X 0 % Y 0 % Z 0 %

NOTE: 9.7 % of the available CPU time was lost due to load imbalance
      in the domain decomposition.


     R E A L   C Y C L E   A N D   T I M E   A C C O U N T I N G

On 32 MPI ranks

 Computing:          Num   Num      Call    Wall time         Giga-Cycles
                     Ranks Threads  Count      (s)         total sum    %
-----------------------------------------------------------------------------
 Domain decomp.        32    1      10001       8.355        614.956   1.0
 DD comm. load         32    1      10000       0.077          5.693   0.0
 DD comm. bounds       32    1      10000       0.187         13.764   0.0
 Neighbor search       32    1      10001      17.462       1285.207   2.1
 Comm. coord.          32    1     400001      21.407       1575.557   2.5
 Force                 32    1     400001     680.062      50052.193  80.5
 Wait + Comm. F        32    1     400001     108.690       7999.529  12.9
 Write traj.           32    1         81       0.011          0.801   0.0
 Update                32    1     400001       5.685        418.398   0.7
 Comm. energies        32    1      20001       0.839         61.725   0.1
 Rest                                           2.425        178.514   0.3
-----------------------------------------------------------------------------
 Total                                        845.201      62206.337 100.0
-----------------------------------------------------------------------------

               Core t (s)   Wall t (s)        (%)
       Time:    26993.610      845.201     3193.8
                 (ns/day)    (hour/ns)
Performance:       20.445        1.174
Finished mdrun on rank 0 Mon Jul  9 13:00:36 2018
