Log file opened on Mon Jul  9 12:46:27 2018
Host: klots3  pid: 26144  rank ID: 0  number of ranks:  1
                   :-) GROMACS - gmx mdrun, VERSION 5.1.4 (-:

                            GROMACS is written by:
     Emile Apol      Rossen Apostolov  Herman J.C. Berendsen    Par Bjelkmar   
 Aldert van Buuren   Rudi van Drunen     Anton Feenstra   Sebastian Fritsch 
  Gerrit Groenhof   Christoph Junghans   Anca Hamuraru    Vincent Hindriksen
 Dimitrios Karkoulis    Peter Kasson        Jiri Kraus      Carsten Kutzner  
    Per Larsson      Justin A. Lemkul   Magnus Lundborg   Pieter Meulenhoff 
   Erik Marklund      Teemu Murtola       Szilard Pall       Sander Pronk   
   Roland Schulz     Alexey Shvetsov     Michael Shirts     Alfons Sijbers  
   Peter Tieleman    Teemu Virolainen  Christian Wennberg    Maarten Wolf   
                           and the project leaders:
        Mark Abraham, Berk Hess, Erik Lindahl, and David van der Spoel

Copyright (c) 1991-2000, University of Groningen, The Netherlands.
Copyright (c) 2001-2015, The GROMACS development team at
Uppsala University, Stockholm University and
the Royal Institute of Technology, Sweden.
check out http://www.gromacs.org for more information.

GROMACS is free software; you can redistribute it and/or modify it
under the terms of the GNU Lesser General Public License
as published by the Free Software Foundation; either version 2.1
of the License, or (at your option) any later version.

GROMACS:      gmx mdrun, VERSION 5.1.4
Executable:   /storage/software/gromacs-5.1.4/bin/gmx
Data prefix:  /storage/software/gromacs-5.1.4
Command line:
  gmx mdrun -ntmpi 32 -pin on -deffnm NVT -table table

GROMACS version:    VERSION 5.1.4
Precision:          single
Memory model:       64 bit
MPI library:        thread_mpi
OpenMP support:     enabled (GMX_OPENMP_MAX_THREADS = 32)
GPU support:        disabled
OpenCL support:     disabled
invsqrt routine:    gmx_software_invsqrt(x)
SIMD instructions:  AVX_256
FFT library:        fftw-3.3.4-sse2-avx
RDTSCP usage:       enabled
C++11 compilation:  enabled
TNG support:        enabled
Tracing support:    disabled
Built on:           Fri Oct 20 14:04:08 EEST 2017
Built by:           root@stage1 [CMAKE]
Build OS/arch:      Linux 3.10.0-514.21.2.el7.x86_64 x86_64
Build CPU vendor:   GenuineIntel
Build CPU brand:    Intel(R) Xeon(R) CPU E5-2660 v2 @ 2.20GHz
Build CPU family:   6   Model: 62   Stepping: 4
Build CPU features: aes apic avx clfsh cmov cx8 cx16 f16c htt lahf_lm mmx msr nonstop_tsc pcid pclmuldq pdcm pdpe1gb popcnt pse rdrnd rdtscp sse2 sse3 sse4.1 sse4.2 ssse3 tdt x2apic
C compiler:         /usr/bin/cc GNU 4.8.5
C compiler flags:    -mavx    -Wundef -Wextra -Wno-missing-field-initializers -Wno-sign-compare -Wpointer-arith -Wall -Wno-unused -Wunused-value -Wunused-parameter  -O3 -DNDEBUG -funroll-all-loops -fexcess-precision=fast  -Wno-array-bounds 
C++ compiler:       /usr/bin/c++ GNU 4.8.5
C++ compiler flags:  -mavx   -std=c++0x  -Wundef -Wextra -Wno-missing-field-initializers -Wpointer-arith -Wall -Wno-unused-function  -O3 -DNDEBUG -funroll-all-loops -fexcess-precision=fast  -Wno-array-bounds 
Boost version:      1.53.0 (external)


Running on 1 node with total 32 cores, 32 logical cores
Hardware detected:
  CPU info:
    Vendor: AuthenticAMD
    Brand:  AMD Opteron(TM) Processor 6276                 
    Family: 21  model:  1  stepping:  2
    CPU features: aes apic avx clfsh cmov cx8 cx16 fma4 htt lahf_lm misalignsse mmx msr nonstop_tsc pclmuldq pdpe1gb popcnt pse rdtscp sse2 sse3 sse4a sse4.1 sse4.2 ssse3 xop
    SIMD instructions most likely to fit this hardware: AVX_256
    SIMD instructions selected at GROMACS compile time: AVX_256


++++ PLEASE READ AND CITE THE FOLLOWING REFERENCE ++++
M. J. Abraham, T. Murtola, R. Schulz, S. Páll, J. C. Smith, B. Hess, E.
Lindahl
GROMACS: High performance molecular simulations through multi-level
parallelism from laptops to supercomputers
SoftwareX 1 (2015) pp. 19-25
-------- -------- --- Thank You --- -------- --------


++++ PLEASE READ AND CITE THE FOLLOWING REFERENCE ++++
S. Páll, M. J. Abraham, C. Kutzner, B. Hess, E. Lindahl
Tackling Exascale Software Challenges in Molecular Dynamics Simulations with
GROMACS
In S. Markidis & E. Laure (Eds.), Solving Software Challenges for Exascale 8759 (2015) pp. 3-27
-------- -------- --- Thank You --- -------- --------


++++ PLEASE READ AND CITE THE FOLLOWING REFERENCE ++++
S. Pronk, S. Páll, R. Schulz, P. Larsson, P. Bjelkmar, R. Apostolov, M. R.
Shirts, J. C. Smith, P. M. Kasson, D. van der Spoel, B. Hess, and E. Lindahl
GROMACS 4.5: a high-throughput and highly parallel open source molecular
simulation toolkit
Bioinformatics 29 (2013) pp. 845-54
-------- -------- --- Thank You --- -------- --------


++++ PLEASE READ AND CITE THE FOLLOWING REFERENCE ++++
B. Hess and C. Kutzner and D. van der Spoel and E. Lindahl
GROMACS 4: Algorithms for highly efficient, load-balanced, and scalable
molecular simulation
J. Chem. Theory Comput. 4 (2008) pp. 435-447
-------- -------- --- Thank You --- -------- --------


++++ PLEASE READ AND CITE THE FOLLOWING REFERENCE ++++
D. van der Spoel, E. Lindahl, B. Hess, G. Groenhof, A. E. Mark and H. J. C.
Berendsen
GROMACS: Fast, Flexible and Free
J. Comp. Chem. 26 (2005) pp. 1701-1719
-------- -------- --- Thank You --- -------- --------


++++ PLEASE READ AND CITE THE FOLLOWING REFERENCE ++++
E. Lindahl and B. Hess and D. van der Spoel
GROMACS 3.0: A package for molecular simulation and trajectory analysis
J. Mol. Mod. 7 (2001) pp. 306-317
-------- -------- --- Thank You --- -------- --------


++++ PLEASE READ AND CITE THE FOLLOWING REFERENCE ++++
H. J. C. Berendsen, D. van der Spoel and R. van Drunen
GROMACS: A message-passing parallel molecular dynamics implementation
Comp. Phys. Comm. 91 (1995) pp. 43-56
-------- -------- --- Thank You --- -------- --------

Input Parameters:
   integrator                     = md
   tinit                          = 0
   dt                             = 0.0005
   nsteps                         = 400000
   init-step                      = 0
   simulation-part                = 1
   comm-mode                      = Linear
   nstcomm                        = 5000
   bd-fric                        = 0
   ld-seed                        = 1845503504
   emtol                          = 10
   emstep                         = 0.01
   niter                          = 20
   fcstep                         = 0
   nstcgsteep                     = 1000
   nbfgscorr                      = 10
   rtpi                           = 0.05
   nstxout                        = 0
   nstvout                        = 0
   nstfout                        = 0
   nstlog                         = 5000
   nstcalcenergy                  = 100
   nstenergy                      = 5000
   nstxout-compressed             = 5000
   compressed-x-precision         = 1000
   cutoff-scheme                  = Group
   nstlist                        = 40
   ns-type                        = Grid
   pbc                            = xyz
   periodic-molecules             = FALSE
   verlet-buffer-tolerance        = 0.005
   rlist                          = 1.3
   rlistlong                      = 1.3
   nstcalclr                      = 0
   coulombtype                    = User
   coulomb-modifier               = None
   rcoulomb-switch                = 0
   rcoulomb                       = 1.3
   epsilon-r                      = 1.6
   epsilon-rf                     = inf
   vdw-type                       = Cut-off
   vdw-modifier                   = None
   rvdw-switch                    = 0
   rvdw                           = 1.3
   DispCorr                       = No
   table-extension                = 1
   fourierspacing                 = 0.12
   fourier-nx                     = 0
   fourier-ny                     = 0
   fourier-nz                     = 0
   pme-order                      = 4
   ewald-rtol                     = 1e-05
   ewald-rtol-lj                  = 0.001
   lj-pme-comb-rule               = Geometric
   ewald-geometry                 = 0
   epsilon-surface                = 0
   implicit-solvent               = No
   gb-algorithm                   = Still
   nstgbradii                     = 1
   rgbradii                       = 1
   gb-epsilon-solvent             = 80
   gb-saltconc                    = 0
   gb-obc-alpha                   = 1
   gb-obc-beta                    = 0.8
   gb-obc-gamma                   = 4.85
   gb-dielectric-offset           = 0.009
   sa-algorithm                   = Ace-approximation
   sa-surface-tension             = 2.05016
   tcoupl                         = V-rescale
   nsttcouple                     = 40
   nh-chain-length                = 0
   print-nose-hoover-chain-variables = FALSE
   pcoupl                         = No
   pcoupltype                     = Isotropic
   nstpcouple                     = -1
   tau-p                          = 1
   compressibility (3x3):
      compressibility[    0]={ 0.00000e+00,  0.00000e+00,  0.00000e+00}
      compressibility[    1]={ 0.00000e+00,  0.00000e+00,  0.00000e+00}
      compressibility[    2]={ 0.00000e+00,  0.00000e+00,  0.00000e+00}
   ref-p (3x3):
      ref-p[    0]={ 0.00000e+00,  0.00000e+00,  0.00000e+00}
      ref-p[    1]={ 0.00000e+00,  0.00000e+00,  0.00000e+00}
      ref-p[    2]={ 0.00000e+00,  0.00000e+00,  0.00000e+00}
   refcoord-scaling               = No
   posres-com (3):
      posres-com[0]= 0.00000e+00
      posres-com[1]= 0.00000e+00
      posres-com[2]= 0.00000e+00
   posres-comB (3):
      posres-comB[0]= 0.00000e+00
      posres-comB[1]= 0.00000e+00
      posres-comB[2]= 0.00000e+00
   QMMM                           = FALSE
   QMconstraints                  = 0
   QMMMscheme                     = 0
   MMChargeScaleFactor            = 1
qm-opts:
   ngQM                           = 0
   constraint-algorithm           = Lincs
   continuation                   = FALSE
   Shake-SOR                      = FALSE
   shake-tol                      = 0.0001
   lincs-order                    = 4
   lincs-iter                     = 1
   lincs-warnangle                = 30
   nwall                          = 0
   wall-type                      = 9-3
   wall-r-linpot                  = -1
   wall-atomtype[0]               = -1
   wall-atomtype[1]               = -1
   wall-density[0]                = 0
   wall-density[1]                = 0
   wall-ewald-zfac                = 3
   pull                           = FALSE
   rotation                       = FALSE
   interactiveMD                  = FALSE
   disre                          = No
   disre-weighting                = Conservative
   disre-mixed                    = FALSE
   dr-fc                          = 1000
   dr-tau                         = 0
   nstdisreout                    = 100
   orire-fc                       = 0
   orire-tau                      = 0
   nstorireout                    = 100
   free-energy                    = no
   cos-acceleration               = 0
   deform (3x3):
      deform[    0]={ 0.00000e+00,  0.00000e+00,  0.00000e+00}
      deform[    1]={ 0.00000e+00,  0.00000e+00,  0.00000e+00}
      deform[    2]={ 0.00000e+00,  0.00000e+00,  0.00000e+00}
   simulated-tempering            = FALSE
   E-x:
      n = 0
   E-xt:
      n = 0
   E-y:
      n = 0
   E-yt:
      n = 0
   E-z:
      n = 0
   E-zt:
      n = 0
   swapcoords                     = no
   adress                         = FALSE
   userint1                       = 0
   userint2                       = 0
   userint3                       = 0
   userint4                       = 0
   userreal1                      = 0
   userreal2                      = 0
   userreal3                      = 0
   userreal4                      = 0
grpopts:
   nrdf:     6045.75     2015.25           0           0
   ref-t:        1000        1000           0           0
   tau-t:         0.5         0.5           0           0
annealing:      Single      Single          No          No
annealing-npoints:           3           3           0           0
annealing-time [0]:	         0.0       100.0       200.0
annealing-temp [0]:	      1000.0         1.0         1.0
annealing-time [1]:	         0.0       100.0       200.0
annealing-temp [1]:	      1000.0         1.0         1.0
   acc:	           0           0           0
   nfreeze:           N           Y           N           N           Y           N           N           N           N
   energygrp-flags[  0]: 0 0 2 2
   energygrp-flags[  1]: 0 0 2 2
   energygrp-flags[  2]: 2 2 3 3
   energygrp-flags[  3]: 2 2 3 3


Initializing Domain Decomposition on 32 ranks
Dynamic load balancing: auto
Will sort the charge groups at every domain (re)decomposition
Initial maximum inter charge-group distances:
    two-body bonded interactions: 0.445 nm, LJ-14, atoms 1959 1970
  multi-body bonded interactions: 0.445 nm, Ryckaert-Bell., atoms 1959 1970
Minimum cell size due to bonded interactions: 0.490 nm
Scaling the initial minimum size with 1/0.8 (option -dds) = 1.25
Optimizing the DD grid for 32 cells with a minimum initial size of 0.613 nm
The maximum allowed number of cells is: X 4 Y 4 Z 4
Domain decomposition grid 4 x 4 x 2, separate PME ranks 0
Domain decomposition rank 0, coordinates 0 0 0

Using 32 MPI threads


NOTE: This file uses the deprecated 'group' cutoff_scheme. This will be
removed in a future release when 'verlet' supports all interaction forms.

Table routines are used for coulomb: TRUE
Table routines are used for vdw:     FALSE
Cut-off's:   NS: 1.3   Coulomb: 1.3   LJ: 1.3
System total charge: 0.038
Read user tables from table.xvg with 2251 data points.
Tabscale = 500 points/nm
Generated table with 1150 data points for LJ6.
Tabscale = 500 points/nm
Generated table with 1150 data points for LJ12.
Tabscale = 500 points/nm
Read user tables from table_Ch_PDA.xvg with 2251 data points.
Tabscale = 500 points/nm

WARNING: For the 648 non-zero entries for table 0 in table_Ch_PDA.xvg the forces deviate on average 62% from minus the numerical derivative of the potential

Generated table with 1150 data points for LJ6.
Tabscale = 500 points/nm
Generated table with 1150 data points for LJ12.
Tabscale = 500 points/nm
Read user tables from table_Ch_NDA.xvg with 2251 data points.
Tabscale = 500 points/nm

WARNING: For the 648 non-zero entries for table 0 in table_Ch_NDA.xvg the forces deviate on average 62% from minus the numerical derivative of the potential

Generated table with 1150 data points for LJ6.
Tabscale = 500 points/nm
Generated table with 1150 data points for LJ12.
Tabscale = 500 points/nm
Read user tables from table_Ac_PDA.xvg with 2251 data points.
Tabscale = 500 points/nm

WARNING: For the 648 non-zero entries for table 0 in table_Ac_PDA.xvg the forces deviate on average 62% from minus the numerical derivative of the potential

Generated table with 1150 data points for LJ6.
Tabscale = 500 points/nm
Generated table with 1150 data points for LJ12.
Tabscale = 500 points/nm
Read user tables from table_Ac_NDA.xvg with 2251 data points.
Tabscale = 500 points/nm

WARNING: For the 648 non-zero entries for table 0 in table_Ac_NDA.xvg the forces deviate on average 62% from minus the numerical derivative of the potential

Generated table with 1150 data points for LJ6.
Tabscale = 500 points/nm
Generated table with 1150 data points for LJ12.
Tabscale = 500 points/nm
Read user tables from NVT.xvg with 2251 data points.
Tabscale = 500 points/nm
Generated table with 2251 data points for 1-4 LJ6.
Tabscale = 500 points/nm
Generated table with 2251 data points for 1-4 LJ12.
Tabscale = 500 points/nm
Potential shift: LJ r^-12: 0.000e+00 r^-6: 0.000e+00
Removing pbc first time
Pinning threads with an auto-selected logical core stride of 1

Linking all bonded interactions to atoms

The initial number of communication pulses is: X 2 Y 2 Z 1
The initial domain decomposition cell size is: X 0.74 nm Y 0.74 nm Z 1.48 nm

The maximum allowed distance for charge groups involved in interactions is:
                 non-bonded interactions           1.300 nm
            two-body bonded interactions  (-rdd)   1.300 nm
          multi-body bonded interactions  (-rdd)   0.741 nm

When dynamic load balancing gets turned on, these settings will change to:
The maximum number of communication pulses is: X 3 Y 3 Z 1
The minimum size for domain decomposition cells is 0.593 nm
The requested allowed shrink of DD cells (option -dds) is: 0.80
The allowed shrink of domain decomposition cells is: X 0.80 Y 0.80 Z 0.88
The maximum allowed distance for charge groups involved in interactions is:
                 non-bonded interactions           1.300 nm
            two-body bonded interactions  (-rdd)   1.300 nm
          multi-body bonded interactions  (-rdd)   0.593 nm


Making 3D domain decomposition grid 4 x 4 x 2, home cell index 0 0 0

Center of mass motion removal mode is Linear
We have the following groups for center of mass motion removal:
  0:  rest

++++ PLEASE READ AND CITE THE FOLLOWING REFERENCE ++++
G. Bussi, D. Donadio and M. Parrinello
Canonical sampling through velocity rescaling
J. Chem. Phys. 126 (2007) pp. 014101
-------- -------- --- Thank You --- -------- --------

There are: 2688 Atoms
There are: 192 VSites
Atom distribution over 32 domains: av 90 stddev 13 min 54 max 118
Grid: 6 x 6 x 4 cells
Initial temperature: 0 K

Started mdrun on rank 0 Mon Jul  9 12:46:27 2018
           Step           Time         Lambda
              0        0.00000        0.00000


Current ref_t for group Ch:   1000.0
Current ref_t for group Ac:   1000.0
   Energies (kJ/mol)
           Bond          Angle    Proper Dih. Ryckaert-Bell.          LJ-14
    1.98628e+02    5.26197e+02    9.36086e+00   -8.94742e+03    1.04636e+03
     Coulomb-14        LJ (SR)   Coulomb (SR) Position Rest.      Potential
   -1.13243e+03   -6.56746e+03   -1.79969e+04    0.00000e+00   -3.28637e+04
    Kinetic En.   Total Energy  Conserved En.    Temperature Pressure (bar)
    7.65722e+00   -3.28560e+04   -3.28560e+04    2.28496e-01    5.90824e+03

DD  step 39 load imb.: force 26.8%

At step 40 the performance loss due to force load imbalance is 16.4 %

NOTE: Turning on dynamic load balancing

DD  step 4999  vol min/aver 0.799  load imb.: force 12.9%

           Step           Time         Lambda
           5000        2.50000        0.00000

Current ref_t for group Ch:    975.0
Current ref_t for group Ac:    975.0
   Energies (kJ/mol)
           Bond          Angle    Proper Dih. Ryckaert-Bell.          LJ-14
    1.45399e+04    1.96212e+04    7.14568e+02   -3.35446e+03    3.92092e+03
     Coulomb-14        LJ (SR)   Coulomb (SR) Position Rest.      Potential
   -1.12935e+03   -6.28637e+02   -8.48853e+04    0.00000e+00   -5.12011e+04
    Kinetic En.   Total Energy  Conserved En.    Temperature Pressure (bar)
    5.39503e+04    2.74920e+03    9.62487e+04    1.60991e+03    3.16084e+04

DD  step 9999  vol min/aver 0.770  load imb.: force 10.4%

           Step           Time         Lambda
          10000        5.00000        0.00000

Current ref_t for group Ch:    950.0
Current ref_t for group Ac:    950.0
   Energies (kJ/mol)
           Bond          Angle    Proper Dih. Ryckaert-Bell.          LJ-14
    1.59142e+04    2.01649e+04    6.00980e+02   -3.53702e+03    3.67476e+03
     Coulomb-14        LJ (SR)   Coulomb (SR) Position Rest.      Potential
   -1.10258e+03   -7.67015e+02   -8.56873e+04    0.00000e+00   -5.07391e+04
    Kinetic En.   Total Energy  Conserved En.    Temperature Pressure (bar)
    5.36064e+04    2.86732e+03    2.06262e+05    1.59965e+03    3.00305e+04

DD  load balancing is limited by minimum cell size in dimension Y
DD  step 14999  vol min/aver 0.753! load imb.: force 11.2%

           Step           Time         Lambda
          15000        7.50000        0.00000

Current ref_t for group Ch:    925.1
Current ref_t for group Ac:    925.1
   Energies (kJ/mol)
           Bond          Angle    Proper Dih. Ryckaert-Bell.          LJ-14
    1.53191e+04    2.04615e+04    7.58598e+02   -3.82732e+03    3.72864e+03
     Coulomb-14        LJ (SR)   Coulomb (SR) Position Rest.      Potential
   -1.11283e+03   -1.08311e+03   -8.54080e+04    0.00000e+00   -5.11635e+04
    Kinetic En.   Total Energy  Conserved En.    Temperature Pressure (bar)
    5.10401e+04   -1.23449e+02    3.12162e+05    1.52306e+03    2.88920e+04

DD  step 19999  vol min/aver 0.789  load imb.: force 17.0%

           Step           Time         Lambda
          20000       10.00000        0.00000

Current ref_t for group Ch:    900.1
Current ref_t for group Ac:    900.1
   Energies (kJ/mol)
           Bond          Angle    Proper Dih. Ryckaert-Bell.          LJ-14
    1.56342e+04    1.92739e+04    7.32582e+02   -3.79939e+03    3.65460e+03
     Coulomb-14        LJ (SR)   Coulomb (SR) Position Rest.      Potential
   -1.12026e+03   -9.45466e+02   -8.79349e+04    0.00000e+00   -5.45047e+04
    Kinetic En.   Total Energy  Conserved En.    Temperature Pressure (bar)
    5.26926e+04   -1.81214e+03    4.20450e+05    1.57238e+03    2.50855e+04

DD  step 24999  vol min/aver 0.807  load imb.: force 10.1%

           Step           Time         Lambda
          25000       12.50000        0.00000

Current ref_t for group Ch:    875.1
Current ref_t for group Ac:    875.1
   Energies (kJ/mol)
           Bond          Angle    Proper Dih. Ryckaert-Bell.          LJ-14
    1.41861e+04    1.82176e+04    6.17901e+02   -3.39068e+03    3.67974e+03
     Coulomb-14        LJ (SR)   Coulomb (SR) Position Rest.      Potential
   -1.11687e+03   -6.86949e+02   -8.63653e+04    0.00000e+00   -5.48585e+04
    Kinetic En.   Total Energy  Conserved En.    Temperature Pressure (bar)
    5.26315e+04   -2.22703e+03    5.35239e+05    1.57055e+03    2.57462e+04

DD  step 29999  vol min/aver 0.793  load imb.: force 19.2%

           Step           Time         Lambda
          30000       15.00000        0.00000

Current ref_t for group Ch:    850.2
Current ref_t for group Ac:    850.2
   Energies (kJ/mol)
           Bond          Angle    Proper Dih. Ryckaert-Bell.          LJ-14
    1.31825e+04    1.86547e+04    6.56843e+02   -3.74357e+03    3.92299e+03
     Coulomb-14        LJ (SR)   Coulomb (SR) Position Rest.      Potential
   -1.11921e+03   -9.24589e+02   -8.71939e+04    0.00000e+00   -5.65642e+04
    Kinetic En.   Total Energy  Conserved En.    Temperature Pressure (bar)
    5.06013e+04   -5.96290e+03    6.43344e+05    1.50997e+03    3.31583e+04

DD  step 34999  vol min/aver 0.859  load imb.: force 15.0%

           Step           Time         Lambda
          35000       17.50000        0.00000

Current ref_t for group Ch:    825.2
Current ref_t for group Ac:    825.2
   Energies (kJ/mol)
           Bond          Angle    Proper Dih. Ryckaert-Bell.          LJ-14
    1.47292e+04    1.85599e+04    5.20371e+02   -4.01894e+03    3.59610e+03
     Coulomb-14        LJ (SR)   Coulomb (SR) Position Rest.      Potential
   -1.09981e+03   -1.37041e+03   -8.68058e+04    0.00000e+00   -5.58893e+04
    Kinetic En.   Total Energy  Conserved En.    Temperature Pressure (bar)
    4.85977e+04   -7.29163e+03    7.51969e+05    1.45018e+03    2.65774e+04

DD  load balancing is limited by minimum cell size in dimension Y
DD  step 39999  vol min/aver 0.783! load imb.: force  9.1%

           Step           Time         Lambda
          40000       20.00000        0.00000

Current ref_t for group Ch:    800.2
Current ref_t for group Ac:    800.2
   Energies (kJ/mol)
           Bond          Angle    Proper Dih. Ryckaert-Bell.          LJ-14
    1.32023e+04    1.80583e+04    5.30875e+02   -3.91046e+03    3.39638e+03
     Coulomb-14        LJ (SR)   Coulomb (SR) Position Rest.      Potential
   -1.10483e+03   -1.79893e+03   -8.66733e+04    0.00000e+00   -5.82996e+04
    Kinetic En.   Total Energy  Conserved En.    Temperature Pressure (bar)
    4.84919e+04   -9.80769e+03    8.57676e+05    1.44703e+03    2.95996e+04

DD  step 44999  vol min/aver 0.779  load imb.: force 10.9%

           Step           Time         Lambda
          45000       22.50000        0.00000

Current ref_t for group Ch:    775.2
Current ref_t for group Ac:    775.2
   Energies (kJ/mol)
           Bond          Angle    Proper Dih. Ryckaert-Bell.          LJ-14
    1.31954e+04    1.78130e+04    4.96220e+02   -3.99202e+03    3.67644e+03
     Coulomb-14        LJ (SR)   Coulomb (SR) Position Rest.      Potential
   -1.11390e+03   -6.00532e+02   -8.70027e+04    0.00000e+00   -5.75281e+04
    Kinetic En.   Total Energy  Conserved En.    Temperature Pressure (bar)
    4.87772e+04   -8.75091e+03    9.66958e+05    1.45554e+03    2.70105e+04

DD  load balancing is limited by minimum cell size in dimension Y
DD  step 49999  vol min/aver 0.756! load imb.: force 17.4%

           Step           Time         Lambda
          50000       25.00000        0.00000

Current ref_t for group Ch:    750.2
Current ref_t for group Ac:    750.2
   Energies (kJ/mol)
           Bond          Angle    Proper Dih. Ryckaert-Bell.          LJ-14
    1.25753e+04    1.72344e+04    5.90759e+02   -4.08958e+03    3.35243e+03
     Coulomb-14        LJ (SR)   Coulomb (SR) Position Rest.      Potential
   -1.11797e+03   -1.60253e+03   -8.65295e+04    0.00000e+00   -5.95867e+04
    Kinetic En.   Total Energy  Conserved En.    Temperature Pressure (bar)
    4.61328e+04   -1.34539e+04    1.07087e+06    1.37663e+03    2.78675e+04

DD  load balancing is limited by minimum cell size in dimension Y
DD  step 54999  vol min/aver 0.803! load imb.: force 13.5%

           Step           Time         Lambda
          55000       27.50000        0.00000

Current ref_t for group Ch:    725.3
Current ref_t for group Ac:    725.3
   Energies (kJ/mol)
           Bond          Angle    Proper Dih. Ryckaert-Bell.          LJ-14
    1.21410e+04    1.68255e+04    6.12678e+02   -4.24570e+03    3.53976e+03
     Coulomb-14        LJ (SR)   Coulomb (SR) Position Rest.      Potential
   -1.11855e+03   -8.29236e+02   -8.72683e+04    0.00000e+00   -6.03429e+04
    Kinetic En.   Total Energy  Conserved En.    Temperature Pressure (bar)
    4.58079e+04   -1.45350e+04    1.17333e+06    1.36693e+03    2.47193e+04

DD  step 59999  vol min/aver 0.816  load imb.: force  9.1%

           Step           Time         Lambda
          60000       30.00000        0.00000

Current ref_t for group Ch:    700.3
Current ref_t for group Ac:    700.3
   Energies (kJ/mol)
           Bond          Angle    Proper Dih. Ryckaert-Bell.          LJ-14
    1.22458e+04    1.59727e+04    5.21428e+02   -4.58596e+03    3.42634e+03
     Coulomb-14        LJ (SR)   Coulomb (SR) Position Rest.      Potential
   -1.11974e+03   -1.19206e+03   -8.58589e+04    0.00000e+00   -6.05904e+04
    Kinetic En.   Total Energy  Conserved En.    Temperature Pressure (bar)
    4.45194e+04   -1.60710e+04    1.28006e+06    1.32848e+03    2.81775e+04

DD  load balancing is limited by minimum cell size in dimension Z
DD  step 64999  vol min/aver 0.849! load imb.: force  9.3%

           Step           Time         Lambda
          65000       32.50000        0.00000

Current ref_t for group Ch:    675.3
Current ref_t for group Ac:    675.3
   Energies (kJ/mol)
           Bond          Angle    Proper Dih. Ryckaert-Bell.          LJ-14
    1.14128e+04    1.52438e+04    5.86437e+02   -4.40710e+03    3.40250e+03
     Coulomb-14        LJ (SR)   Coulomb (SR) Position Rest.      Potential
   -1.10473e+03   -1.36568e+03   -8.88409e+04    0.00000e+00   -6.50729e+04
    Kinetic En.   Total Energy  Conserved En.    Temperature Pressure (bar)
    4.51319e+04   -1.99410e+04    1.37870e+06    1.34676e+03    3.04173e+04

DD  step 69999  vol min/aver 0.804  load imb.: force  9.2%

           Step           Time         Lambda
          70000       35.00000        0.00000

Current ref_t for group Ch:    650.3
Current ref_t for group Ac:    650.3
   Energies (kJ/mol)
           Bond          Angle    Proper Dih. Ryckaert-Bell.          LJ-14
    1.16385e+04    1.51238e+04    4.98490e+02   -4.46474e+03    3.36922e+03
     Coulomb-14        LJ (SR)   Coulomb (SR) Position Rest.      Potential
   -1.12253e+03   -1.41047e+03   -8.73718e+04    0.00000e+00   -6.37396e+04
    Kinetic En.   Total Energy  Conserved En.    Temperature Pressure (bar)
    4.33498e+04   -2.03898e+04    1.48001e+06    1.29358e+03    2.71325e+04

DD  step 74999  vol min/aver 0.798  load imb.: force  6.4%

           Step           Time         Lambda
          75000       37.50000        0.00000

Current ref_t for group Ch:    625.4
Current ref_t for group Ac:    625.4
   Energies (kJ/mol)
           Bond          Angle    Proper Dih. Ryckaert-Bell.          LJ-14
    1.07793e+04    1.47714e+04    4.30646e+02   -4.88361e+03    3.39157e+03
     Coulomb-14        LJ (SR)   Coulomb (SR) Position Rest.      Potential
   -1.10408e+03   -2.01048e+03   -8.81735e+04    0.00000e+00   -6.67986e+04
    Kinetic En.   Total Energy  Conserved En.    Temperature Pressure (bar)
    4.28031e+04   -2.39955e+04    1.57834e+06    1.27727e+03    2.65304e+04

DD  step 79999  vol min/aver 0.809  load imb.: force 12.8%

           Step           Time         Lambda
          80000       40.00000        0.00000

Current ref_t for group Ch:    600.4
Current ref_t for group Ac:    600.4
   Energies (kJ/mol)
           Bond          Angle    Proper Dih. Ryckaert-Bell.          LJ-14
    1.08595e+04    1.53885e+04    5.12591e+02   -4.60858e+03    3.14028e+03
     Coulomb-14        LJ (SR)   Coulomb (SR) Position Rest.      Potential
   -1.10355e+03   -1.45387e+03   -8.84964e+04    0.00000e+00   -6.57616e+04
    Kinetic En.   Total Energy  Conserved En.    Temperature Pressure (bar)
    3.96954e+04   -2.60662e+04    1.67733e+06    1.18453e+03    1.99411e+04

DD  step 84999  vol min/aver 0.774  load imb.: force 11.9%

           Step           Time         Lambda
          85000       42.50000        0.00000

Current ref_t for group Ch:    575.4
Current ref_t for group Ac:    575.4
   Energies (kJ/mol)
           Bond          Angle    Proper Dih. Ryckaert-Bell.          LJ-14
    1.09150e+04    1.45505e+04    6.28321e+02   -4.80830e+03    3.16201e+03
     Coulomb-14        LJ (SR)   Coulomb (SR) Position Rest.      Potential
   -1.11042e+03   -1.67065e+03   -8.81342e+04    0.00000e+00   -6.64678e+04
    Kinetic En.   Total Energy  Conserved En.    Temperature Pressure (bar)
    3.98268e+04   -2.66411e+04    1.78053e+06    1.18845e+03    3.26793e+04

DD  step 89999  vol min/aver 0.782  load imb.: force 11.8%

           Step           Time         Lambda
          90000       45.00000        0.00000

Current ref_t for group Ch:    550.5
Current ref_t for group Ac:    550.5
   Energies (kJ/mol)
           Bond          Angle    Proper Dih. Ryckaert-Bell.          LJ-14
    1.08294e+04    1.32943e+04    6.53228e+02   -4.69251e+03    3.06204e+03
     Coulomb-14        LJ (SR)   Coulomb (SR) Position Rest.      Potential
   -1.11638e+03   -1.86192e+03   -8.82226e+04    0.00000e+00   -6.80544e+04
    Kinetic En.   Total Energy  Conserved En.    Temperature Pressure (bar)
    3.89184e+04   -2.91360e+04    1.87948e+06    1.16135e+03    2.76528e+04

DD  load balancing is limited by minimum cell size in dimension Z
DD  step 94999  vol min/aver 0.856! load imb.: force 12.7%

           Step           Time         Lambda
          95000       47.50000        0.00000

Current ref_t for group Ch:    525.5
Current ref_t for group Ac:    525.5
   Energies (kJ/mol)
           Bond          Angle    Proper Dih. Ryckaert-Bell.          LJ-14
    1.04785e+04    1.33395e+04    3.79167e+02   -5.19617e+03    3.12554e+03
     Coulomb-14        LJ (SR)   Coulomb (SR) Position Rest.      Potential
   -1.10974e+03   -2.01209e+03   -8.80443e+04    0.00000e+00   -6.90396e+04
    Kinetic En.   Total Energy  Conserved En.    Temperature Pressure (bar)
    3.81764e+04   -3.08632e+04    1.97988e+06    1.13920e+03    2.98456e+04

DD  step 99999  vol min/aver 0.714  load imb.: force 12.1%

           Step           Time         Lambda
         100000       50.00000        0.00000

Current ref_t for group Ch:    500.5
Current ref_t for group Ac:    500.5
   Energies (kJ/mol)
           Bond          Angle    Proper Dih. Ryckaert-Bell.          LJ-14
    9.48034e+03    1.24073e+04    3.30707e+02   -5.22910e+03    3.10486e+03
     Coulomb-14        LJ (SR)   Coulomb (SR) Position Rest.      Potential
   -1.12170e+03   -1.89899e+03   -8.64752e+04    0.00000e+00   -6.94018e+04
    Kinetic En.   Total Energy  Conserved En.    Temperature Pressure (bar)
    3.68174e+04   -3.25844e+04    2.07926e+06    1.09865e+03    3.66514e+04

DD  step 104999  vol min/aver 0.842  load imb.: force 13.7%

           Step           Time         Lambda
         105000       52.50000        0.00000

Current ref_t for group Ch:    475.5
Current ref_t for group Ac:    475.5
   Energies (kJ/mol)
           Bond          Angle    Proper Dih. Ryckaert-Bell.          LJ-14
    9.24195e+03    1.26081e+04    5.54978e+02   -5.29076e+03    3.18508e+03
     Coulomb-14        LJ (SR)   Coulomb (SR) Position Rest.      Potential
   -1.11841e+03   -1.94978e+03   -8.85975e+04    0.00000e+00   -7.13664e+04
    Kinetic En.   Total Energy  Conserved En.    Temperature Pressure (bar)
    3.56967e+04   -3.56696e+04    2.17225e+06    1.06521e+03    2.77060e+04

DD  step 109999  vol min/aver 0.805  load imb.: force  8.6%

           Step           Time         Lambda
         110000       55.00000        0.00000

Current ref_t for group Ch:    450.5
Current ref_t for group Ac:    450.5
   Energies (kJ/mol)
           Bond          Angle    Proper Dih. Ryckaert-Bell.          LJ-14
    9.62265e+03    1.27075e+04    4.62989e+02   -5.04797e+03    2.95023e+03
     Coulomb-14        LJ (SR)   Coulomb (SR) Position Rest.      Potential
   -1.10868e+03   -2.31118e+03   -8.74477e+04    0.00000e+00   -7.01722e+04
    Kinetic En.   Total Energy  Conserved En.    Temperature Pressure (bar)
    3.59074e+04   -3.42649e+04    2.27211e+06    1.07150e+03    2.47513e+04

DD  step 114999  vol min/aver 0.812  load imb.: force  7.6%

           Step           Time         Lambda
         115000       57.50000        0.00000

Current ref_t for group Ch:    425.6
Current ref_t for group Ac:    425.6
   Energies (kJ/mol)
           Bond          Angle    Proper Dih. Ryckaert-Bell.          LJ-14
    8.68627e+03    1.19187e+04    4.61237e+02   -5.50055e+03    2.98013e+03
     Coulomb-14        LJ (SR)   Coulomb (SR) Position Rest.      Potential
   -1.10281e+03   -2.13725e+03   -8.76271e+04    0.00000e+00   -7.23214e+04
    Kinetic En.   Total Energy  Conserved En.    Temperature Pressure (bar)
    3.34761e+04   -3.88453e+04    2.36550e+06    9.98945e+02    2.35658e+04

DD  step 119999  vol min/aver 0.791  load imb.: force  8.7%

           Step           Time         Lambda
         120000       60.00000        0.00000

Current ref_t for group Ch:    400.6
Current ref_t for group Ac:    400.6
   Energies (kJ/mol)
           Bond          Angle    Proper Dih. Ryckaert-Bell.          LJ-14
    8.58218e+03    1.13969e+04    3.81650e+02   -5.54154e+03    2.79445e+03
     Coulomb-14        LJ (SR)   Coulomb (SR) Position Rest.      Potential
   -1.11664e+03   -2.18618e+03   -8.69025e+04    0.00000e+00   -7.25917e+04
    Kinetic En.   Total Energy  Conserved En.    Temperature Pressure (bar)
    3.10784e+04   -4.15133e+04    2.45501e+06    9.27396e+02    2.74413e+04

DD  step 124999  vol min/aver 0.799  load imb.: force  9.0%

           Step           Time         Lambda
         125000       62.50000        0.00000

Current ref_t for group Ch:    375.6
Current ref_t for group Ac:    375.6
   Energies (kJ/mol)
           Bond          Angle    Proper Dih. Ryckaert-Bell.          LJ-14
    7.77072e+03    1.07326e+04    4.14888e+02   -5.63850e+03    2.85754e+03
     Coulomb-14        LJ (SR)   Coulomb (SR) Position Rest.      Potential
   -1.11269e+03   -2.58328e+03   -8.87001e+04    0.00000e+00   -7.62588e+04
    Kinetic En.   Total Energy  Conserved En.    Temperature Pressure (bar)
    3.08495e+04   -4.54093e+04    2.54069e+06    9.20565e+02    1.82842e+04

DD  step 129999  vol min/aver 0.852  load imb.: force  8.2%

           Step           Time         Lambda
         130000       65.00000        0.00000

Current ref_t for group Ch:    350.7
Current ref_t for group Ac:    350.7
   Energies (kJ/mol)
           Bond          Angle    Proper Dih. Ryckaert-Bell.          LJ-14
    7.87750e+03    1.09470e+04    3.99875e+02   -5.74600e+03    2.81987e+03
     Coulomb-14        LJ (SR)   Coulomb (SR) Position Rest.      Potential
   -1.11659e+03   -2.56456e+03   -9.00059e+04    0.00000e+00   -7.73888e+04
    Kinetic En.   Total Energy  Conserved En.    Temperature Pressure (bar)
    3.10830e+04   -4.63058e+04    2.63297e+06    9.27533e+02    2.58057e+04

DD  load balancing is limited by minimum cell size in dimension Y
DD  step 134999  vol min/aver 0.775! load imb.: force 14.5%

           Step           Time         Lambda
         135000       67.50000        0.00000

Current ref_t for group Ch:    325.7
Current ref_t for group Ac:    325.7
   Energies (kJ/mol)
           Bond          Angle    Proper Dih. Ryckaert-Bell.          LJ-14
    7.42459e+03    9.86791e+03    3.59690e+02   -5.85144e+03    2.66557e+03
     Coulomb-14        LJ (SR)   Coulomb (SR) Position Rest.      Potential
   -1.11623e+03   -3.01174e+03   -8.70384e+04    0.00000e+00   -7.67000e+04
    Kinetic En.   Total Energy  Conserved En.    Temperature Pressure (bar)
    2.89057e+04   -4.77943e+04    2.72480e+06    8.62563e+02    2.55106e+04

DD  step 139999  vol min/aver 0.723  load imb.: force 16.0%

           Step           Time         Lambda
         140000       70.00000        0.00000

Current ref_t for group Ch:    300.7
Current ref_t for group Ac:    300.7
   Energies (kJ/mol)
           Bond          Angle    Proper Dih. Ryckaert-Bell.          LJ-14
    6.97901e+03    9.71107e+03    3.63386e+02   -6.12475e+03    2.51804e+03
     Coulomb-14        LJ (SR)   Coulomb (SR) Position Rest.      Potential
   -1.11271e+03   -2.56363e+03   -8.83019e+04    0.00000e+00   -7.85315e+04
    Kinetic En.   Total Energy  Conserved En.    Temperature Pressure (bar)
    2.82843e+04   -5.02472e+04    2.81196e+06    8.44020e+02    2.38171e+04

DD  load balancing is limited by minimum cell size in dimension Z
DD  step 144999  vol min/aver 0.806! load imb.: force  8.8%

           Step           Time         Lambda
         145000       72.50000        0.00000

Current ref_t for group Ch:    275.7
Current ref_t for group Ac:    275.7
   Energies (kJ/mol)
           Bond          Angle    Proper Dih. Ryckaert-Bell.          LJ-14
    7.15824e+03    9.25175e+03    3.64763e+02   -6.00301e+03    2.68720e+03
     Coulomb-14        LJ (SR)   Coulomb (SR) Position Rest.      Potential
   -1.11376e+03   -2.43981e+03   -8.86452e+04    0.00000e+00   -7.87398e+04
    Kinetic En.   Total Energy  Conserved En.    Temperature Pressure (bar)
    2.83206e+04   -5.04192e+04    2.90172e+06    8.45103e+02    2.43005e+04

DD  step 149999  vol min/aver 0.802  load imb.: force 10.2%

           Step           Time         Lambda
         150000       75.00000        0.00000

Current ref_t for group Ch:    250.8
Current ref_t for group Ac:    250.8
   Energies (kJ/mol)
           Bond          Angle    Proper Dih. Ryckaert-Bell.          LJ-14
    6.42713e+03    9.14546e+03    3.10047e+02   -5.92795e+03    2.53203e+03
     Coulomb-14        LJ (SR)   Coulomb (SR) Position Rest.      Potential
   -1.10069e+03   -3.21426e+03   -9.02142e+04    0.00000e+00   -8.20425e+04
    Kinetic En.   Total Energy  Conserved En.    Temperature Pressure (bar)
    2.56985e+04   -5.63440e+04    2.98385e+06    7.66857e+02    2.78112e+04

DD  step 154999  vol min/aver 0.817  load imb.: force 12.0%

           Step           Time         Lambda
         155000       77.50000        0.00000

Current ref_t for group Ch:    225.8
Current ref_t for group Ac:    225.8
   Energies (kJ/mol)
           Bond          Angle    Proper Dih. Ryckaert-Bell.          LJ-14
    5.83208e+03    8.47676e+03    3.08978e+02   -6.17382e+03    2.53936e+03
     Coulomb-14        LJ (SR)   Coulomb (SR) Position Rest.      Potential
   -1.11052e+03   -2.87777e+03   -8.98133e+04    0.00000e+00   -8.28182e+04
    Kinetic En.   Total Energy  Conserved En.    Temperature Pressure (bar)
    2.45395e+04   -5.82787e+04    3.06671e+06    7.32273e+02    1.81784e+04

DD  load balancing is limited by minimum cell size in dimension Y
DD  step 159999  vol min/aver 0.736! load imb.: force 13.8%

           Step           Time         Lambda
         160000       80.00000        0.00000

Current ref_t for group Ch:    200.8
Current ref_t for group Ac:    200.8
   Energies (kJ/mol)
           Bond          Angle    Proper Dih. Ryckaert-Bell.          LJ-14
    6.04019e+03    8.01735e+03    2.92675e+02   -6.28474e+03    2.49808e+03
     Coulomb-14        LJ (SR)   Coulomb (SR) Position Rest.      Potential
   -1.10490e+03   -3.34708e+03   -8.96354e+04    0.00000e+00   -8.35238e+04
    Kinetic En.   Total Energy  Conserved En.    Temperature Pressure (bar)
    2.34633e+04   -6.00605e+04    3.14874e+06    7.00158e+02    1.78036e+04

DD  step 164999  vol min/aver 0.761  load imb.: force  9.6%

           Step           Time         Lambda
         165000       82.50000        0.00000

Current ref_t for group Ch:    175.8
Current ref_t for group Ac:    175.8
   Energies (kJ/mol)
           Bond          Angle    Proper Dih. Ryckaert-Bell.          LJ-14
    5.58839e+03    7.68849e+03    3.10975e+02   -6.56823e+03    2.56625e+03
     Coulomb-14        LJ (SR)   Coulomb (SR) Position Rest.      Potential
   -1.11817e+03   -3.06560e+03   -8.95330e+04    0.00000e+00   -8.41309e+04
    Kinetic En.   Total Energy  Conserved En.    Temperature Pressure (bar)
    2.24925e+04   -6.16384e+04    3.23046e+06    6.71189e+02    3.06660e+04

DD  load balancing is limited by minimum cell size in dimension Y
DD  step 169999  vol min/aver 0.827! load imb.: force 10.8%

           Step           Time         Lambda
         170000       85.00000        0.00000

Current ref_t for group Ch:    150.8
Current ref_t for group Ac:    150.8
   Energies (kJ/mol)
           Bond          Angle    Proper Dih. Ryckaert-Bell.          LJ-14
    4.74617e+03    7.53474e+03    2.80558e+02   -6.58678e+03    2.53251e+03
     Coulomb-14        LJ (SR)   Coulomb (SR) Position Rest.      Potential
   -1.11168e+03   -3.23139e+03   -8.95031e+04    0.00000e+00   -8.53390e+04
    Kinetic En.   Total Energy  Conserved En.    Temperature Pressure (bar)
    2.15966e+04   -6.37424e+04    3.30885e+06    6.44454e+02    2.37723e+04

DD  step 174999  vol min/aver 0.815  load imb.: force  6.8%

           Step           Time         Lambda
         175000       87.50000        0.00000

Current ref_t for group Ch:    125.9
Current ref_t for group Ac:    125.9
   Energies (kJ/mol)
           Bond          Angle    Proper Dih. Ryckaert-Bell.          LJ-14
    4.80409e+03    6.98748e+03    3.15799e+02   -6.93035e+03    2.49625e+03
     Coulomb-14        LJ (SR)   Coulomb (SR) Position Rest.      Potential
   -1.11474e+03   -3.34757e+03   -8.96204e+04    0.00000e+00   -8.64095e+04
    Kinetic En.   Total Energy  Conserved En.    Temperature Pressure (bar)
    1.96455e+04   -6.67639e+04    3.38675e+06    5.86234e+02    2.31764e+04

DD  step 179999  vol min/aver 0.764  load imb.: force 13.9%

           Step           Time         Lambda
         180000       90.00000        0.00000

Current ref_t for group Ch:    100.9
Current ref_t for group Ac:    100.9
   Energies (kJ/mol)
           Bond          Angle    Proper Dih. Ryckaert-Bell.          LJ-14
    4.21756e+03    6.38451e+03    2.79394e+02   -6.97263e+03    2.32558e+03
     Coulomb-14        LJ (SR)   Coulomb (SR) Position Rest.      Potential
   -1.11093e+03   -3.47898e+03   -8.95951e+04    0.00000e+00   -8.79506e+04
    Kinetic En.   Total Energy  Conserved En.    Temperature Pressure (bar)
    1.86626e+04   -6.92881e+04    3.46153e+06    5.56901e+02    2.45559e+04

DD  load balancing is limited by minimum cell size in dimension Y
DD  step 184999  vol min/aver 0.707! load imb.: force  8.7%

           Step           Time         Lambda
         185000       92.50000        0.00000

Current ref_t for group Ch:     75.9
Current ref_t for group Ac:     75.9
   Energies (kJ/mol)
           Bond          Angle    Proper Dih. Ryckaert-Bell.          LJ-14
    4.11942e+03    6.28871e+03    2.42800e+02   -6.97379e+03    2.34033e+03
     Coulomb-14        LJ (SR)   Coulomb (SR) Position Rest.      Potential
   -1.11130e+03   -3.57908e+03   -8.94728e+04    0.00000e+00   -8.81457e+04
    Kinetic En.   Total Energy  Conserved En.    Temperature Pressure (bar)
    1.77143e+04   -7.04314e+04    3.53801e+06    5.28604e+02    2.08441e+04

DD  load balancing is limited by minimum cell size in dimension Y
DD  step 189999  vol min/aver 0.760! load imb.: force  7.5%

           Step           Time         Lambda
         190000       95.00000        0.00000

Current ref_t for group Ch:     51.0
Current ref_t for group Ac:     51.0
   Energies (kJ/mol)
           Bond          Angle    Proper Dih. Ryckaert-Bell.          LJ-14
    3.60926e+03    5.66448e+03    2.23169e+02   -7.14096e+03    2.22394e+03
     Coulomb-14        LJ (SR)   Coulomb (SR) Position Rest.      Potential
   -1.10296e+03   -3.81069e+03   -9.16212e+04    0.00000e+00   -9.19550e+04
    Kinetic En.   Total Energy  Conserved En.    Temperature Pressure (bar)
    1.66365e+04   -7.53185e+04    3.60861e+06    4.96441e+02    1.93127e+04

DD  step 194999  vol min/aver 0.782  load imb.: force  9.3%

           Step           Time         Lambda
         195000       97.50000        0.00000

Current ref_t for group Ch:     26.0
Current ref_t for group Ac:     26.0
   Energies (kJ/mol)
           Bond          Angle    Proper Dih. Ryckaert-Bell.          LJ-14
    3.29447e+03    5.49481e+03    2.52514e+02   -7.31216e+03    2.19287e+03
     Coulomb-14        LJ (SR)   Coulomb (SR) Position Rest.      Potential
   -1.09574e+03   -3.78992e+03   -9.18663e+04    0.00000e+00   -9.28295e+04
    Kinetic En.   Total Energy  Conserved En.    Temperature Pressure (bar)
    1.54162e+04   -7.74132e+04    3.67934e+06    4.60028e+02    2.23323e+04

DD  step 199999  vol min/aver 0.824  load imb.: force 10.2%

           Step           Time         Lambda
         200000      100.00000        0.00000

Current ref_t for group Ch:      1.0
Current ref_t for group Ac:      1.0
   Energies (kJ/mol)
           Bond          Angle    Proper Dih. Ryckaert-Bell.          LJ-14
    2.99675e+03    4.67860e+03    2.61781e+02   -7.47241e+03    2.19903e+03
     Coulomb-14        LJ (SR)   Coulomb (SR) Position Rest.      Potential
   -1.10715e+03   -3.74749e+03   -9.00200e+04    0.00000e+00   -9.22109e+04
    Kinetic En.   Total Energy  Conserved En.    Temperature Pressure (bar)
    1.42266e+04   -7.79843e+04    3.74900e+06    4.24530e+02    2.17965e+04

DD  step 204999  vol min/aver 0.800  load imb.: force 12.8%

           Step           Time         Lambda
         205000      102.50000        0.00000

Current ref_t for group Ch:      1.0
Current ref_t for group Ac:      1.0
   Energies (kJ/mol)
           Bond          Angle    Proper Dih. Ryckaert-Bell.          LJ-14
    2.71861e+03    4.34523e+03    2.46081e+02   -7.49640e+03    2.12051e+03
     Coulomb-14        LJ (SR)   Coulomb (SR) Position Rest.      Potential
   -1.11103e+03   -4.02924e+03   -9.03952e+04    0.00000e+00   -9.36015e+04
    Kinetic En.   Total Energy  Conserved En.    Temperature Pressure (bar)
    1.32877e+04   -8.03138e+04    3.81374e+06    3.96513e+02    2.21815e+04

DD  step 209999  vol min/aver 0.833  load imb.: force 11.1%

           Step           Time         Lambda
         210000      105.00000        0.00000

Current ref_t for group Ch:      1.0
Current ref_t for group Ac:      1.0
   Energies (kJ/mol)
           Bond          Angle    Proper Dih. Ryckaert-Bell.          LJ-14
    2.79241e+03    4.62993e+03    2.10356e+02   -7.52311e+03    2.05322e+03
     Coulomb-14        LJ (SR)   Coulomb (SR) Position Rest.      Potential
   -1.10806e+03   -4.03932e+03   -9.00312e+04    0.00000e+00   -9.30157e+04
    Kinetic En.   Total Energy  Conserved En.    Temperature Pressure (bar)
    1.29782e+04   -8.00375e+04    3.88015e+06    3.87277e+02    1.54055e+04

DD  step 214999  vol min/aver 0.747  load imb.: force  8.8%

           Step           Time         Lambda
         215000      107.50000        0.00000

Current ref_t for group Ch:      1.0
Current ref_t for group Ac:      1.0
   Energies (kJ/mol)
           Bond          Angle    Proper Dih. Ryckaert-Bell.          LJ-14
    2.59388e+03    4.62531e+03    2.06268e+02   -7.54617e+03    2.05986e+03
     Coulomb-14        LJ (SR)   Coulomb (SR) Position Rest.      Potential
   -1.10065e+03   -4.11459e+03   -9.06888e+04    0.00000e+00   -9.39649e+04
    Kinetic En.   Total Energy  Conserved En.    Temperature Pressure (bar)
    1.32305e+04   -8.07344e+04    3.94315e+06    3.94806e+02    1.75190e+04

DD  step 219999  vol min/aver 0.819  load imb.: force 10.1%

           Step           Time         Lambda
         220000      110.00000        0.00000

Current ref_t for group Ch:      1.0
Current ref_t for group Ac:      1.0
   Energies (kJ/mol)
           Bond          Angle    Proper Dih. Ryckaert-Bell.          LJ-14
    2.74542e+03    4.57680e+03    1.93434e+02   -7.55739e+03    2.10078e+03
     Coulomb-14        LJ (SR)   Coulomb (SR) Position Rest.      Potential
   -1.11380e+03   -4.07114e+03   -9.10514e+04    0.00000e+00   -9.41773e+04
    Kinetic En.   Total Energy  Conserved En.    Temperature Pressure (bar)
    1.36637e+04   -8.05136e+04    4.00707e+06    4.07733e+02    1.57234e+04

DD  step 224999  vol min/aver 0.787  load imb.: force  9.4%

           Step           Time         Lambda
         225000      112.50000        0.00000

Current ref_t for group Ch:      1.0
Current ref_t for group Ac:      1.0
   Energies (kJ/mol)
           Bond          Angle    Proper Dih. Ryckaert-Bell.          LJ-14
    2.68997e+03    4.55128e+03    2.56790e+02   -7.51993e+03    2.03648e+03
     Coulomb-14        LJ (SR)   Coulomb (SR) Position Rest.      Potential
   -1.10944e+03   -3.89009e+03   -9.20416e+04    0.00000e+00   -9.50265e+04
    Kinetic En.   Total Energy  Conserved En.    Temperature Pressure (bar)
    1.31065e+04   -8.19200e+04    4.07116e+06    3.91106e+02    1.91579e+04

DD  load balancing is limited by minimum cell size in dimension Z
DD  step 229999  vol min/aver 0.763! load imb.: force  9.2%

           Step           Time         Lambda
         230000      115.00000        0.00000

Current ref_t for group Ch:      1.0
Current ref_t for group Ac:      1.0
   Energies (kJ/mol)
           Bond          Angle    Proper Dih. Ryckaert-Bell.          LJ-14
    2.57846e+03    4.21570e+03    2.00664e+02   -7.45531e+03    2.09946e+03
     Coulomb-14        LJ (SR)   Coulomb (SR) Position Rest.      Potential
   -1.11389e+03   -4.24970e+03   -9.05636e+04    0.00000e+00   -9.42882e+04
    Kinetic En.   Total Energy  Conserved En.    Temperature Pressure (bar)
    1.31448e+04   -8.11434e+04    4.13672e+06    3.92247e+02    2.13779e+04

DD  step 234999  vol min/aver 0.783  load imb.: force  9.1%

           Step           Time         Lambda
         235000      117.50000        0.00000

Current ref_t for group Ch:      1.0
Current ref_t for group Ac:      1.0
   Energies (kJ/mol)
           Bond          Angle    Proper Dih. Ryckaert-Bell.          LJ-14
    2.59162e+03    4.38056e+03    2.48444e+02   -7.42984e+03    2.08765e+03
     Coulomb-14        LJ (SR)   Coulomb (SR) Position Rest.      Potential
   -1.10676e+03   -3.81169e+03   -9.07317e+04    0.00000e+00   -9.37717e+04
    Kinetic En.   Total Energy  Conserved En.    Temperature Pressure (bar)
    1.31287e+04   -8.06430e+04    4.20126e+06    3.91768e+02    1.37959e+04

DD  step 239999  vol min/aver 0.840  load imb.: force 11.5%

           Step           Time         Lambda
         240000      120.00000        0.00000

Current ref_t for group Ch:      1.0
Current ref_t for group Ac:      1.0
   Energies (kJ/mol)
           Bond          Angle    Proper Dih. Ryckaert-Bell.          LJ-14
    2.51406e+03    4.42868e+03    1.86412e+02   -7.56872e+03    2.00373e+03
     Coulomb-14        LJ (SR)   Coulomb (SR) Position Rest.      Potential
   -1.10109e+03   -3.95500e+03   -9.04663e+04    0.00000e+00   -9.39582e+04
    Kinetic En.   Total Energy  Conserved En.    Temperature Pressure (bar)
    1.25425e+04   -8.14157e+04    4.26335e+06    3.74276e+02    1.11354e+04

DD  step 244999  vol min/aver 0.799  load imb.: force  7.5%

           Step           Time         Lambda
         245000      122.50000        0.00000

Current ref_t for group Ch:      1.0
Current ref_t for group Ac:      1.0
   Energies (kJ/mol)
           Bond          Angle    Proper Dih. Ryckaert-Bell.          LJ-14
    2.58651e+03    4.60313e+03    1.86878e+02   -7.54940e+03    2.05898e+03
     Coulomb-14        LJ (SR)   Coulomb (SR) Position Rest.      Potential
   -1.10585e+03   -4.09669e+03   -9.10256e+04    0.00000e+00   -9.43421e+04
    Kinetic En.   Total Energy  Conserved En.    Temperature Pressure (bar)
    1.30243e+04   -8.13178e+04    4.32656e+06    3.88651e+02    2.44620e+04

DD  step 249999  vol min/aver 0.797  load imb.: force 12.1%

           Step           Time         Lambda
         250000      125.00000        0.00000

Current ref_t for group Ch:      1.0
Current ref_t for group Ac:      1.0
   Energies (kJ/mol)
           Bond          Angle    Proper Dih. Ryckaert-Bell.          LJ-14
    2.67699e+03    4.32601e+03    2.61436e+02   -7.60713e+03    2.04734e+03
     Coulomb-14        LJ (SR)   Coulomb (SR) Position Rest.      Potential
   -1.10841e+03   -4.35879e+03   -9.26820e+04    0.00000e+00   -9.64445e+04
    Kinetic En.   Total Energy  Conserved En.    Temperature Pressure (bar)
    1.19987e+04   -8.44459e+04    4.38482e+06    3.58047e+02    1.37885e+04

DD  load balancing is limited by minimum cell size in dimension Y
DD  step 254999  vol min/aver 0.825! load imb.: force 11.7%

           Step           Time         Lambda
         255000      127.50000        0.00000

Current ref_t for group Ch:      1.0
Current ref_t for group Ac:      1.0
   Energies (kJ/mol)
           Bond          Angle    Proper Dih. Ryckaert-Bell.          LJ-14
    2.68795e+03    4.58030e+03    2.13284e+02   -7.43650e+03    2.11622e+03
     Coulomb-14        LJ (SR)   Coulomb (SR) Position Rest.      Potential
   -1.11054e+03   -4.34797e+03   -9.09086e+04    0.00000e+00   -9.42058e+04
    Kinetic En.   Total Energy  Conserved En.    Temperature Pressure (bar)
    1.30081e+04   -8.11977e+04    4.45117e+06    3.88170e+02    1.47540e+04

DD  load balancing is limited by minimum cell size in dimension Y
DD  step 259999  vol min/aver 0.728! load imb.: force 12.7%

           Step           Time         Lambda
         260000      130.00000        0.00000

Current ref_t for group Ch:      1.0
Current ref_t for group Ac:      1.0
   Energies (kJ/mol)
           Bond          Angle    Proper Dih. Ryckaert-Bell.          LJ-14
    2.71660e+03    4.29474e+03    2.41413e+02   -7.48694e+03    2.17547e+03
     Coulomb-14        LJ (SR)   Coulomb (SR) Position Rest.      Potential
   -1.11130e+03   -4.00090e+03   -8.96299e+04    0.00000e+00   -9.28009e+04
    Kinetic En.   Total Energy  Conserved En.    Temperature Pressure (bar)
    1.24185e+04   -8.03823e+04    4.51516e+06    3.70575e+02    2.55087e+04

DD  step 264999  vol min/aver 0.800  load imb.: force  6.3%

           Step           Time         Lambda
         265000      132.50000        0.00000

Current ref_t for group Ch:      1.0
Current ref_t for group Ac:      1.0
   Energies (kJ/mol)
           Bond          Angle    Proper Dih. Ryckaert-Bell.          LJ-14
    2.75979e+03    4.29127e+03    1.97221e+02   -7.53631e+03    2.06703e+03
     Coulomb-14        LJ (SR)   Coulomb (SR) Position Rest.      Potential
   -1.10556e+03   -3.88500e+03   -9.16689e+04    0.00000e+00   -9.48804e+04
    Kinetic En.   Total Energy  Conserved En.    Temperature Pressure (bar)
    1.24469e+04   -8.24336e+04    4.57527e+06    3.71421e+02    1.77711e+04

DD  step 269999  vol min/aver 0.792  load imb.: force  8.2%

           Step           Time         Lambda
         270000      135.00000        0.00000

Current ref_t for group Ch:      1.0
Current ref_t for group Ac:      1.0
   Energies (kJ/mol)
           Bond          Angle    Proper Dih. Ryckaert-Bell.          LJ-14
    2.61303e+03    4.33887e+03    2.23250e+02   -7.47266e+03    2.01154e+03
     Coulomb-14        LJ (SR)   Coulomb (SR) Position Rest.      Potential
   -1.10914e+03   -3.97216e+03   -9.06886e+04    0.00000e+00   -9.40559e+04
    Kinetic En.   Total Energy  Conserved En.    Temperature Pressure (bar)
    1.34219e+04   -8.06340e+04    4.63863e+06    4.00516e+02    1.49716e+04

DD  step 274999  vol min/aver 0.819  load imb.: force 16.1%

           Step           Time         Lambda
         275000      137.50000        0.00000

Current ref_t for group Ch:      1.0
Current ref_t for group Ac:      1.0
   Energies (kJ/mol)
           Bond          Angle    Proper Dih. Ryckaert-Bell.          LJ-14
    2.69330e+03    4.31267e+03    2.11487e+02   -7.48694e+03    2.06542e+03
     Coulomb-14        LJ (SR)   Coulomb (SR) Position Rest.      Potential
   -1.11128e+03   -3.89908e+03   -9.14775e+04    0.00000e+00   -9.46919e+04
    Kinetic En.   Total Energy  Conserved En.    Temperature Pressure (bar)
    1.27309e+04   -8.19610e+04    4.70123e+06    3.79898e+02    2.21327e+04

DD  load balancing is limited by minimum cell size in dimension Y
DD  step 279999  vol min/aver 0.836! load imb.: force 16.9%

           Step           Time         Lambda
         280000      140.00000        0.00000

Current ref_t for group Ch:      1.0
Current ref_t for group Ac:      1.0
   Energies (kJ/mol)
           Bond          Angle    Proper Dih. Ryckaert-Bell.          LJ-14
    2.51353e+03    4.31029e+03    2.12487e+02   -7.66569e+03    2.02141e+03
     Coulomb-14        LJ (SR)   Coulomb (SR) Position Rest.      Potential
   -1.10324e+03   -4.37444e+03   -9.13502e+04    0.00000e+00   -9.54359e+04
    Kinetic En.   Total Energy  Conserved En.    Temperature Pressure (bar)
    1.25887e+04   -8.28471e+04    4.76240e+06    3.75655e+02    1.86641e+04

DD  step 284999  vol min/aver 0.786  load imb.: force 10.8%

           Step           Time         Lambda
         285000      142.50000        0.00000

Current ref_t for group Ch:      1.0
Current ref_t for group Ac:      1.0
   Energies (kJ/mol)
           Bond          Angle    Proper Dih. Ryckaert-Bell.          LJ-14
    2.64935e+03    4.32316e+03    2.07466e+02   -7.58973e+03    2.02583e+03
     Coulomb-14        LJ (SR)   Coulomb (SR) Position Rest.      Potential
   -1.10636e+03   -4.20086e+03   -9.17033e+04    0.00000e+00   -9.53944e+04
    Kinetic En.   Total Energy  Conserved En.    Temperature Pressure (bar)
    1.23654e+04   -8.30290e+04    4.82491e+06    3.68990e+02    1.50943e+04

DD  step 289999  vol min/aver 0.831  load imb.: force 13.2%

           Step           Time         Lambda
         290000      145.00000        0.00000

Current ref_t for group Ch:      1.0
Current ref_t for group Ac:      1.0
   Energies (kJ/mol)
           Bond          Angle    Proper Dih. Ryckaert-Bell.          LJ-14
    2.49135e+03    4.46503e+03    2.67176e+02   -7.46613e+03    2.12377e+03
     Coulomb-14        LJ (SR)   Coulomb (SR) Position Rest.      Potential
   -1.10366e+03   -3.97011e+03   -9.22348e+04    0.00000e+00   -9.54273e+04
    Kinetic En.   Total Energy  Conserved En.    Temperature Pressure (bar)
    1.33727e+04   -8.20547e+04    4.88868e+06    3.99047e+02    1.95813e+04

DD  step 294999  vol min/aver 0.768  load imb.: force 11.4%

           Step           Time         Lambda
         295000      147.50000        0.00000

Current ref_t for group Ch:      1.0
Current ref_t for group Ac:      1.0
   Energies (kJ/mol)
           Bond          Angle    Proper Dih. Ryckaert-Bell.          LJ-14
    2.70159e+03    4.30899e+03    2.03448e+02   -7.44135e+03    2.04245e+03
     Coulomb-14        LJ (SR)   Coulomb (SR) Position Rest.      Potential
   -1.10510e+03   -3.80711e+03   -9.11294e+04    0.00000e+00   -9.42264e+04
    Kinetic En.   Total Energy  Conserved En.    Temperature Pressure (bar)
    1.27877e+04   -8.14387e+04    4.95178e+06    3.81593e+02    1.80011e+04

DD  step 299999  vol min/aver 0.835  load imb.: force  8.0%

           Step           Time         Lambda
         300000      150.00000        0.00000

Current ref_t for group Ch:      1.0
Current ref_t for group Ac:      1.0
   Energies (kJ/mol)
           Bond          Angle    Proper Dih. Ryckaert-Bell.          LJ-14
    2.65786e+03    4.35988e+03    2.01156e+02   -7.56639e+03    1.99538e+03
     Coulomb-14        LJ (SR)   Coulomb (SR) Position Rest.      Potential
   -1.10706e+03   -4.19793e+03   -9.29996e+04    0.00000e+00   -9.66567e+04
    Kinetic En.   Total Energy  Conserved En.    Temperature Pressure (bar)
    1.27053e+04   -8.39514e+04    5.01330e+06    3.79133e+02    1.74641e+04

DD  step 304999  vol min/aver 0.836  load imb.: force  7.8%

           Step           Time         Lambda
         305000      152.50000        0.00000

Current ref_t for group Ch:      1.0
Current ref_t for group Ac:      1.0
   Energies (kJ/mol)
           Bond          Angle    Proper Dih. Ryckaert-Bell.          LJ-14
    2.49401e+03    4.44022e+03    2.29734e+02   -7.70441e+03    2.12444e+03
     Coulomb-14        LJ (SR)   Coulomb (SR) Position Rest.      Potential
   -1.09642e+03   -4.04033e+03   -9.29594e+04    0.00000e+00   -9.65121e+04
    Kinetic En.   Total Energy  Conserved En.    Temperature Pressure (bar)
    1.24964e+04   -8.40157e+04    5.07556e+06    3.72900e+02    1.45605e+04

DD  step 309999  vol min/aver 0.822  load imb.: force  7.2%

           Step           Time         Lambda
         310000      155.00000        0.00000

Current ref_t for group Ch:      1.0
Current ref_t for group Ac:      1.0
   Energies (kJ/mol)
           Bond          Angle    Proper Dih. Ryckaert-Bell.          LJ-14
    2.57915e+03    4.19115e+03    2.32654e+02   -7.52749e+03    1.99621e+03
     Coulomb-14        LJ (SR)   Coulomb (SR) Position Rest.      Potential
   -1.10372e+03   -3.98249e+03   -9.23591e+04    0.00000e+00   -9.59736e+04
    Kinetic En.   Total Energy  Conserved En.    Temperature Pressure (bar)
    1.27461e+04   -8.32275e+04    5.13906e+06    3.80351e+02    1.82908e+04

DD  step 314999  vol min/aver 0.816  load imb.: force 11.6%

           Step           Time         Lambda
         315000      157.50000        0.00000

Current ref_t for group Ch:      1.0
Current ref_t for group Ac:      1.0
   Energies (kJ/mol)
           Bond          Angle    Proper Dih. Ryckaert-Bell.          LJ-14
    2.54736e+03    4.32928e+03    2.08448e+02   -7.55365e+03    2.10914e+03
     Coulomb-14        LJ (SR)   Coulomb (SR) Position Rest.      Potential
   -1.10552e+03   -3.93223e+03   -9.15485e+04    0.00000e+00   -9.49457e+04
    Kinetic En.   Total Energy  Conserved En.    Temperature Pressure (bar)
    1.22563e+04   -8.26894e+04    5.19978e+06    3.65735e+02    2.23729e+04

DD  load balancing is limited by minimum cell size in dimension Y
DD  step 319999  vol min/aver 0.836! load imb.: force  7.8%

           Step           Time         Lambda
         320000      160.00000        0.00000

Current ref_t for group Ch:      1.0
Current ref_t for group Ac:      1.0
   Energies (kJ/mol)
           Bond          Angle    Proper Dih. Ryckaert-Bell.          LJ-14
    2.57951e+03    4.28232e+03    1.85189e+02   -7.63628e+03    2.08573e+03
     Coulomb-14        LJ (SR)   Coulomb (SR) Position Rest.      Potential
   -1.10906e+03   -3.98423e+03   -9.20361e+04    0.00000e+00   -9.56329e+04
    Kinetic En.   Total Energy  Conserved En.    Temperature Pressure (bar)
    1.25702e+04   -8.30627e+04    5.26026e+06    3.75101e+02    1.41914e+04

DD  step 324999  vol min/aver 0.828  load imb.: force 10.3%

           Step           Time         Lambda
         325000      162.50000        0.00000

Current ref_t for group Ch:      1.0
Current ref_t for group Ac:      1.0
   Energies (kJ/mol)
           Bond          Angle    Proper Dih. Ryckaert-Bell.          LJ-14
    2.73680e+03    4.39525e+03    1.85859e+02   -7.55663e+03    2.14403e+03
     Coulomb-14        LJ (SR)   Coulomb (SR) Position Rest.      Potential
   -1.10735e+03   -3.94829e+03   -9.18187e+04    0.00000e+00   -9.49690e+04
    Kinetic En.   Total Energy  Conserved En.    Temperature Pressure (bar)
    1.30387e+04   -8.19303e+04    5.32345e+06    3.89082e+02    1.85411e+04

DD  step 329999  vol min/aver 0.825  load imb.: force  9.3%

           Step           Time         Lambda
         330000      165.00000        0.00000

Current ref_t for group Ch:      1.0
Current ref_t for group Ac:      1.0
   Energies (kJ/mol)
           Bond          Angle    Proper Dih. Ryckaert-Bell.          LJ-14
    2.70056e+03    4.39166e+03    2.76821e+02   -7.56539e+03    2.07920e+03
     Coulomb-14        LJ (SR)   Coulomb (SR) Position Rest.      Potential
   -1.10465e+03   -4.08756e+03   -9.06938e+04    0.00000e+00   -9.40032e+04
    Kinetic En.   Total Energy  Conserved En.    Temperature Pressure (bar)
    1.28037e+04   -8.11995e+04    5.38792e+06    3.82069e+02    1.68853e+04

DD  step 334999  vol min/aver 0.767  load imb.: force  7.3%

           Step           Time         Lambda
         335000      167.50000        0.00000

Current ref_t for group Ch:      1.0
Current ref_t for group Ac:      1.0
   Energies (kJ/mol)
           Bond          Angle    Proper Dih. Ryckaert-Bell.          LJ-14
    2.86895e+03    4.55256e+03    2.03662e+02   -7.58610e+03    2.07953e+03
     Coulomb-14        LJ (SR)   Coulomb (SR) Position Rest.      Potential
   -1.11241e+03   -4.18971e+03   -9.10523e+04    0.00000e+00   -9.42359e+04
    Kinetic En.   Total Energy  Conserved En.    Temperature Pressure (bar)
    1.32185e+04   -8.10174e+04    5.45308e+06    3.94447e+02    2.11854e+04

DD  load balancing is limited by minimum cell size in dimension Z
DD  step 339999  vol min/aver 0.846! load imb.: force 10.8%

           Step           Time         Lambda
         340000      170.00000        0.00000

Current ref_t for group Ch:      1.0
Current ref_t for group Ac:      1.0
   Energies (kJ/mol)
           Bond          Angle    Proper Dih. Ryckaert-Bell.          LJ-14
    2.74073e+03    4.57067e+03    2.85486e+02   -7.55448e+03    2.01908e+03
     Coulomb-14        LJ (SR)   Coulomb (SR) Position Rest.      Potential
   -1.11214e+03   -4.15671e+03   -9.03716e+04    0.00000e+00   -9.35789e+04
    Kinetic En.   Total Energy  Conserved En.    Temperature Pressure (bar)
    1.35297e+04   -8.00492e+04    5.51944e+06    4.03733e+02    1.85697e+04

DD  step 344999  vol min/aver 0.813  load imb.: force 12.0%

           Step           Time         Lambda
         345000      172.50000        0.00000

Current ref_t for group Ch:      1.0
Current ref_t for group Ac:      1.0
   Energies (kJ/mol)
           Bond          Angle    Proper Dih. Ryckaert-Bell.          LJ-14
    2.70644e+03    4.52990e+03    1.64290e+02   -7.58184e+03    2.07150e+03
     Coulomb-14        LJ (SR)   Coulomb (SR) Position Rest.      Potential
   -1.11288e+03   -4.03561e+03   -9.14778e+04    0.00000e+00   -9.47360e+04
    Kinetic En.   Total Energy  Conserved En.    Temperature Pressure (bar)
    1.31677e+04   -8.15683e+04    5.58300e+06    3.92931e+02    2.27308e+04

DD  step 349999  vol min/aver 0.788  load imb.: force 15.3%

           Step           Time         Lambda
         350000      175.00000        0.00000

Current ref_t for group Ch:      1.0
Current ref_t for group Ac:      1.0
   Energies (kJ/mol)
           Bond          Angle    Proper Dih. Ryckaert-Bell.          LJ-14
    2.83927e+03    4.55808e+03    2.13049e+02   -7.68028e+03    2.10988e+03
     Coulomb-14        LJ (SR)   Coulomb (SR) Position Rest.      Potential
   -1.11245e+03   -4.04968e+03   -9.18329e+04    0.00000e+00   -9.49550e+04
    Kinetic En.   Total Energy  Conserved En.    Temperature Pressure (bar)
    1.30813e+04   -8.18737e+04    5.64732e+06    3.90353e+02    2.34960e+04

DD  step 354999  vol min/aver 0.783  load imb.: force 12.0%

           Step           Time         Lambda
         355000      177.50000        0.00000

Current ref_t for group Ch:      1.0
Current ref_t for group Ac:      1.0
   Energies (kJ/mol)
           Bond          Angle    Proper Dih. Ryckaert-Bell.          LJ-14
    2.59223e+03    4.01074e+03    2.32674e+02   -7.56292e+03    2.06453e+03
     Coulomb-14        LJ (SR)   Coulomb (SR) Position Rest.      Potential
   -1.10983e+03   -4.29086e+03   -9.27963e+04    0.00000e+00   -9.68598e+04
    Kinetic En.   Total Energy  Conserved En.    Temperature Pressure (bar)
    1.28221e+04   -8.40377e+04    5.70806e+06    3.82617e+02    2.25404e+04

DD  load balancing is limited by minimum cell size in dimension Y
DD  step 359999  vol min/aver 0.791! load imb.: force 11.8%

           Step           Time         Lambda
         360000      180.00000        0.00000

Current ref_t for group Ch:      1.0
Current ref_t for group Ac:      1.0
   Energies (kJ/mol)
           Bond          Angle    Proper Dih. Ryckaert-Bell.          LJ-14
    2.75205e+03    4.54362e+03    1.96338e+02   -7.53880e+03    2.09271e+03
     Coulomb-14        LJ (SR)   Coulomb (SR) Position Rest.      Potential
   -1.10738e+03   -4.03365e+03   -9.24369e+04    0.00000e+00   -9.55320e+04
    Kinetic En.   Total Energy  Conserved En.    Temperature Pressure (bar)
    1.34944e+04   -8.20377e+04    5.77393e+06    4.02680e+02    1.21536e+04

DD  step 364999  vol min/aver 0.762  load imb.: force 12.2%

           Step           Time         Lambda
         365000      182.50000        0.00000

Current ref_t for group Ch:      1.0
Current ref_t for group Ac:      1.0
   Energies (kJ/mol)
           Bond          Angle    Proper Dih. Ryckaert-Bell.          LJ-14
    2.81047e+03    4.81176e+03    2.07006e+02   -7.47267e+03    2.14223e+03
     Coulomb-14        LJ (SR)   Coulomb (SR) Position Rest.      Potential
   -1.10628e+03   -3.98245e+03   -9.12496e+04    0.00000e+00   -9.38395e+04
    Kinetic En.   Total Energy  Conserved En.    Temperature Pressure (bar)
    1.35695e+04   -8.02700e+04    5.84128e+06    4.04922e+02    1.23517e+04

DD  step 369999  vol min/aver 0.769  load imb.: force 12.9%

           Step           Time         Lambda
         370000      185.00000        0.00000

Current ref_t for group Ch:      1.0
Current ref_t for group Ac:      1.0
   Energies (kJ/mol)
           Bond          Angle    Proper Dih. Ryckaert-Bell.          LJ-14
    2.83014e+03    4.60876e+03    2.40988e+02   -7.54346e+03    2.07109e+03
     Coulomb-14        LJ (SR)   Coulomb (SR) Position Rest.      Potential
   -1.09932e+03   -4.00319e+03   -9.06641e+04    0.00000e+00   -9.35591e+04
    Kinetic En.   Total Energy  Conserved En.    Temperature Pressure (bar)
    1.34516e+04   -8.01074e+04    5.90808e+06    4.01405e+02    1.55231e+04

DD  step 374999  vol min/aver 0.808  load imb.: force  7.9%

           Step           Time         Lambda
         375000      187.50000        0.00000

Current ref_t for group Ch:      1.0
Current ref_t for group Ac:      1.0
   Energies (kJ/mol)
           Bond          Angle    Proper Dih. Ryckaert-Bell.          LJ-14
    2.49708e+03    4.34122e+03    2.06456e+02   -7.57444e+03    2.08684e+03
     Coulomb-14        LJ (SR)   Coulomb (SR) Position Rest.      Potential
   -1.10884e+03   -3.97924e+03   -9.05563e+04    0.00000e+00   -9.40873e+04
    Kinetic En.   Total Energy  Conserved En.    Temperature Pressure (bar)
    1.28535e+04   -8.12338e+04    5.97117e+06    3.83555e+02    1.90016e+04

DD  step 379999  vol min/aver 0.788  load imb.: force 11.4%

           Step           Time         Lambda
         380000      190.00000        0.00000

Current ref_t for group Ch:      1.0
Current ref_t for group Ac:      1.0
   Energies (kJ/mol)
           Bond          Angle    Proper Dih. Ryckaert-Bell.          LJ-14
    2.50536e+03    4.37010e+03    2.09768e+02   -7.66755e+03    2.05081e+03
     Coulomb-14        LJ (SR)   Coulomb (SR) Position Rest.      Potential
   -1.11176e+03   -4.12650e+03   -9.08939e+04    0.00000e+00   -9.46637e+04
    Kinetic En.   Total Energy  Conserved En.    Temperature Pressure (bar)
    1.30632e+04   -8.16005e+04    6.03381e+06    3.89812e+02    2.41963e+04

DD  step 384999  vol min/aver 0.835  load imb.: force  8.5%

           Step           Time         Lambda
         385000      192.50000        0.00000

Current ref_t for group Ch:      1.0
Current ref_t for group Ac:      1.0
   Energies (kJ/mol)
           Bond          Angle    Proper Dih. Ryckaert-Bell.          LJ-14
    2.75779e+03    4.64667e+03    1.72054e+02   -7.71091e+03    2.14740e+03
     Coulomb-14        LJ (SR)   Coulomb (SR) Position Rest.      Potential
   -1.11187e+03   -4.05124e+03   -9.13201e+04    0.00000e+00   -9.44702e+04
    Kinetic En.   Total Energy  Conserved En.    Temperature Pressure (bar)
    1.31675e+04   -8.13027e+04    6.09815e+06    3.92925e+02    1.28625e+04

DD  step 389999  vol min/aver 0.782  load imb.: force 12.9%

           Step           Time         Lambda
         390000      195.00000        0.00000

Current ref_t for group Ch:      1.0
Current ref_t for group Ac:      1.0
   Energies (kJ/mol)
           Bond          Angle    Proper Dih. Ryckaert-Bell.          LJ-14
    2.86603e+03    4.56189e+03    1.96214e+02   -7.56387e+03    2.19626e+03
     Coulomb-14        LJ (SR)   Coulomb (SR) Position Rest.      Potential
   -1.11544e+03   -3.93954e+03   -8.99348e+04    0.00000e+00   -9.27332e+04
    Kinetic En.   Total Energy  Conserved En.    Temperature Pressure (bar)
    1.33148e+04   -7.94184e+04    6.16484e+06    3.97321e+02    2.16257e+04

DD  load balancing is limited by minimum cell size in dimension Y
DD  step 394999  vol min/aver 0.757! load imb.: force 14.1%

           Step           Time         Lambda
         395000      197.50000        0.00000

Current ref_t for group Ch:      1.0
Current ref_t for group Ac:      1.0
   Energies (kJ/mol)
           Bond          Angle    Proper Dih. Ryckaert-Bell.          LJ-14
    2.76093e+03    4.48616e+03    2.11447e+02   -7.63413e+03    2.07351e+03
     Coulomb-14        LJ (SR)   Coulomb (SR) Position Rest.      Potential
   -1.10422e+03   -4.16076e+03   -9.17237e+04    0.00000e+00   -9.50907e+04
    Kinetic En.   Total Energy  Conserved En.    Temperature Pressure (bar)
    1.26405e+04   -8.24503e+04    6.22631e+06    3.77199e+02    1.45983e+04

DD  step 399999  vol min/aver 0.793  load imb.: force  9.9%

           Step           Time         Lambda
         400000      200.00000        0.00000

Writing checkpoint, step 400000 at Mon Jul  9 12:58:43 2018


Current ref_t for group Ch:      1.0
Current ref_t for group Ac:      1.0
   Energies (kJ/mol)
           Bond          Angle    Proper Dih. Ryckaert-Bell.          LJ-14
    2.56636e+03    4.58017e+03    1.99330e+02   -7.55352e+03    2.09003e+03
     Coulomb-14        LJ (SR)   Coulomb (SR) Position Rest.      Potential
   -1.10569e+03   -4.13235e+03   -9.08448e+04    0.00000e+00   -9.42005e+04
    Kinetic En.   Total Energy  Conserved En.    Temperature Pressure (bar)
    1.32511e+04   -8.09494e+04    6.29143e+06    3.95420e+02    1.52541e+04

	<======  ###############  ==>
	<====  A V E R A G E S  ====>
	<==  ###############  ======>

	Statistics over 400001 steps using 4001 frames

Current ref_t for group Ch:      1.0
Current ref_t for group Ac:      1.0
   Energies (kJ/mol)
           Bond          Angle    Proper Dih. Ryckaert-Bell.          LJ-14
    6.04347e+03    8.62475e+03    3.49212e+02   -6.38319e+03    2.55775e+03
     Coulomb-14        LJ (SR)   Coulomb (SR) Position Rest.      Potential
   -1.10822e+03   -3.08611e+03   -8.99237e+04    0.00000e+00   -8.29260e+04
    Kinetic En.   Total Energy  Conserved En.    Temperature Pressure (bar)
    2.45039e+04   -5.84222e+04    3.51197e+06    7.31209e+02    2.21639e+04

   Total Virial (kJ/mol)
   -2.42772e+04   -1.05136e+02    1.04632e+02
   -1.05136e+02   -2.49550e+04    3.71196e+02
    1.04632e+02    3.71196e+02    2.16445e+04

   Pressure (bar)
    4.14704e+04    1.32927e+02   -1.37526e+02
    1.32927e+02    4.23514e+04   -4.70114e+02
   -1.37527e+02   -4.70114e+02   -1.73300e+04

  Epot (kJ/mol)        Coul-SR          LJ-SR        Coul-14          LJ-14   
          Ch-Ch    1.01493e+05   -4.64158e+02    3.24099e+02    2.44193e+03
          Ch-Ac   -2.06662e+05   -2.43256e+03    0.00000e+00    0.00000e+00
         Ch-PDA    5.49384e+05    0.00000e+00    0.00000e+00    0.00000e+00
         Ch-NDA   -5.81532e+05    0.00000e+00    0.00000e+00    0.00000e+00
          Ac-Ac    9.67900e+04   -1.89386e+02   -1.43232e+03    1.15822e+02
         Ac-PDA   -5.81862e+05    0.00000e+00    0.00000e+00    0.00000e+00
         Ac-NDA    5.32466e+05    0.00000e+00    0.00000e+00    0.00000e+00
        PDA-PDA    0.00000e+00    0.00000e+00    0.00000e+00    0.00000e+00
        PDA-NDA    0.00000e+00    0.00000e+00    0.00000e+00    0.00000e+00
        NDA-NDA    0.00000e+00    0.00000e+00    0.00000e+00    0.00000e+00

           T-Ch           T-Ac          T-PDA          T-NDA
    6.83029e+02    8.75750e+02    0.00000e+00    0.00000e+00


	M E G A - F L O P S   A C C O U N T I N G

 NB=Group-cutoff nonbonded kernels    NxN=N-by-N cluster Verlet kernels
 RF=Reaction-Field  VdW=Van der Waals  QSTab=quadratic-spline table
 W3=SPC/TIP3p  W4=TIP4p (single or pairs)
 V&F=Potential and force  V=Potential only  F=Force only

 Computing:                               M-Number         M-Flops  % Flops
-----------------------------------------------------------------------------
 NB Elec. [V&F]                       68523.200680       68523.201     0.2
 NB Elec. [F]                       6162794.331135     6162794.331    19.7
 NB VdW & Elec. [V&F]                283025.085042      283025.085     0.9
 NB VdW & Elec. [F]                23585293.838885    23585293.839    75.6
 1,4 nonbonded interactions            2073.605184      186624.467     0.6
 NS-Pairs                              4394.338438       92281.107     0.3
 Reset In Box                            10.561056          31.683     0.0
 CG-CoM                                  28.805760          86.417     0.0
 Bonds                                  998.402496       58905.747     0.2
 Angles                                1766.404416      296755.942     1.0
 Propers                                 38.400096        8793.622     0.0
 RB-Dihedrals                          1843.204608      455271.538     1.5
 Pos. Restr.                             76.800192        3840.010     0.0
 Virial                                  17.284320         311.118     0.0
 Stop-CM                                  0.236160           2.362     0.0
 Calc-Ekin                              115.205760        3110.556     0.0
-----------------------------------------------------------------------------
 Total                                                31205651.024   100.0
-----------------------------------------------------------------------------


    D O M A I N   D E C O M P O S I T I O N   S T A T I S T I C S

 av. #atoms communicated per step for force:  2 x 32406.3

 Average load imbalance: 11.1 %
 Part of the total run time spent waiting due to load imbalance: 8.7 %
 Steps where the load balancing was limited by -rdd, -rcon and/or -dds: X 0 % Y 0 % Z 0 %

NOTE: 8.7 % of the available CPU time was lost due to load imbalance
      in the domain decomposition.


     R E A L   C Y C L E   A N D   T I M E   A C C O U N T I N G

On 32 MPI ranks

 Computing:          Num   Num      Call    Wall time         Giga-Cycles
                     Ranks Threads  Count      (s)         total sum    %
-----------------------------------------------------------------------------
 Domain decomp.        32    1      10001       7.956        585.546   1.1
 DD comm. load         32    1      10000       0.075          5.551   0.0
 DD comm. bounds       32    1      10000       0.192         14.120   0.0
 Neighbor search       32    1      10001      15.319       1127.516   2.1
 Comm. coord.          32    1     400001      20.536       1511.487   2.8
 Force                 32    1     400001     595.573      43834.636  80.9
 Wait + Comm. F        32    1     400001      88.073       6482.222  12.0
 Write traj.           32    1         81       0.010          0.760   0.0
 Update                32    1     400001       5.251        386.501   0.7
 Comm. energies        32    1      20001       0.849         62.490   0.1
 Rest                                           2.355        173.325   0.3
-----------------------------------------------------------------------------
 Total                                        736.190      54184.156 100.0
-----------------------------------------------------------------------------

               Core t (s)   Wall t (s)        (%)
       Time:    23513.400      736.190     3193.9
                 (ns/day)    (hour/ns)
Performance:       23.472        1.022
Finished mdrun on rank 0 Mon Jul  9 12:58:43 2018
